[2021-06-08 00:00:55] local.ERROR: include(/Applications/MAMP/htdocs/tng_ecommerce/vendor/composer/../../app/Http/Controllers/Auth/ConfirmPasswordController.php): failed to open stream: No such file or directory {"exception":"[object] (ErrorException(code: 0): include(/Applications/MAMP/htdocs/tng_ecommerce/vendor/composer/../../app/Http/Controllers/Auth/ConfirmPasswordController.php): failed to open stream: No such file or directory at /Applications/MAMP/htdocs/tng_ecommerce/vendor/composer/ClassLoader.php:478)
[stacktrace]
#0 /Applications/MAMP/htdocs/tng_ecommerce/vendor/composer/ClassLoader.php(478): Illuminate\\Foundation\\Bootstrap\\HandleExceptions->handleError(2, 'include(/Applic...', '/Applications/M...', 478, Array)
#1 /Applications/MAMP/htdocs/tng_ecommerce/vendor/composer/ClassLoader.php(478): include()
#2 /Applications/MAMP/htdocs/tng_ecommerce/vendor/composer/ClassLoader.php(346): Composer\\Autoload\\includeFile('/Applications/M...')
#3 [internal function]: Composer\\Autoload\\ClassLoader->loadClass('App\\\\Http\\\\Contro...')
#4 [internal function]: spl_autoload_call('App\\\\Http\\\\Contro...')
#5 /Applications/MAMP/htdocs/tng_ecommerce/vendor/laravel/framework/src/Illuminate/Routing/Router.php(1170): class_exists('App\\\\Http\\\\Contro...')
#6 /Applications/MAMP/htdocs/tng_ecommerce/vendor/laravel/framework/src/Illuminate/Support/Facades/Auth.php(52): Illuminate\\Routing\\Router->auth(Array)
#7 /Applications/MAMP/htdocs/tng_ecommerce/routes/web.php(46): Illuminate\\Support\\Facades\\Auth::routes()
#8 /Applications/MAMP/htdocs/tng_ecommerce/vendor/laravel/framework/src/Illuminate/Routing/RouteFileRegistrar.php(35): require('/Applications/M...')
#9 /Applications/MAMP/htdocs/tng_ecommerce/vendor/laravel/framework/src/Illuminate/Routing/Router.php(416): Illuminate\\Routing\\RouteFileRegistrar->register('/Applications/M...')
#10 /Applications/MAMP/htdocs/tng_ecommerce/vendor/laravel/framework/src/Illuminate/Routing/Router.php(374): Illuminate\\Routing\\Router->loadRoutes('/Applications/M...')
#11 /Applications/MAMP/htdocs/tng_ecommerce/vendor/laravel/framework/src/Illuminate/Routing/RouteRegistrar.php(121): Illuminate\\Routing\\Router->group(Array, '/Applications/M...')
#12 /Applications/MAMP/htdocs/tng_ecommerce/app/Providers/RouteServiceProvider.php(56): Illuminate\\Routing\\RouteRegistrar->group('/Applications/M...')
#13 /Applications/MAMP/htdocs/tng_ecommerce/app/Providers/RouteServiceProvider.php(40): App\\Providers\\RouteServiceProvider->mapWebRoutes()
#14 [internal function]: App\\Providers\\RouteServiceProvider->map()
#15 /Applications/MAMP/htdocs/tng_ecommerce/vendor/laravel/framework/src/Illuminate/Container/BoundMethod.php(32): call_user_func_array(Array, Array)
#16 /Applications/MAMP/htdocs/tng_ecommerce/vendor/laravel/framework/src/Illuminate/Container/Util.php(37): Illuminate\\Container\\BoundMethod::Illuminate\\Container\\{closure}()
#17 /Applications/MAMP/htdocs/tng_ecommerce/vendor/laravel/framework/src/Illuminate/Container/BoundMethod.php(90): Illuminate\\Container\\Util::unwrapIfClosure(Object(Closure))
#18 /Applications/MAMP/htdocs/tng_ecommerce/vendor/laravel/framework/src/Illuminate/Container/BoundMethod.php(34): Illuminate\\Container\\BoundMethod::callBoundMethod(Object(Illuminate\\Foundation\\Application), Array, Object(Closure))
#19 /Applications/MAMP/htdocs/tng_ecommerce/vendor/laravel/framework/src/Illuminate/Container/Container.php(590): Illuminate\\Container\\BoundMethod::call(Object(Illuminate\\Foundation\\Application), Array, Array, NULL)
#20 /Applications/MAMP/htdocs/tng_ecommerce/vendor/laravel/framework/src/Illuminate/Foundation/Support/Providers/RouteServiceProvider.php(87): Illuminate\\Container\\Container->call(Array)
#21 /Applications/MAMP/htdocs/tng_ecommerce/vendor/laravel/framework/src/Illuminate/Foundation/Support/Providers/RouteServiceProvider.php(36): Illuminate\\Foundation\\Support\\Providers\\RouteServiceProvider->loadRoutes()
#22 /Applications/MAMP/htdocs/tng_ecommerce/app/Providers/RouteServiceProvider.php(28): Illuminate\\Foundation\\Support\\Providers\\RouteServiceProvider->boot()
#23 [internal function]: App\\Providers\\RouteServiceProvider->boot()
#24 /Applications/MAMP/htdocs/tng_ecommerce/vendor/laravel/framework/src/Illuminate/Container/BoundMethod.php(32): call_user_func_array(Array, Array)
#25 /Applications/MAMP/htdocs/tng_ecommerce/vendor/laravel/framework/src/Illuminate/Container/Util.php(37): Illuminate\\Container\\BoundMethod::Illuminate\\Container\\{closure}()
#26 /Applications/MAMP/htdocs/tng_ecommerce/vendor/laravel/framework/src/Illuminate/Container/BoundMethod.php(90): Illuminate\\Container\\Util::unwrapIfClosure(Object(Closure))
#27 /Applications/MAMP/htdocs/tng_ecommerce/vendor/laravel/framework/src/Illuminate/Container/BoundMethod.php(34): Illuminate\\Container\\BoundMethod::callBoundMethod(Object(Illuminate\\Foundation\\Application), Array, Object(Closure))
#28 /Applications/MAMP/htdocs/tng_ecommerce/vendor/laravel/framework/src/Illuminate/Container/Container.php(590): Illuminate\\Container\\BoundMethod::call(Object(Illuminate\\Foundation\\Application), Array, Array, NULL)
#29 /Applications/MAMP/htdocs/tng_ecommerce/vendor/laravel/framework/src/Illuminate/Foundation/Application.php(856): Illuminate\\Container\\Container->call(Array)
#30 /Applications/MAMP/htdocs/tng_ecommerce/vendor/laravel/framework/src/Illuminate/Foundation/Application.php(839): Illuminate\\Foundation\\Application->bootProvider(Object(App\\Providers\\RouteServiceProvider))
#31 [internal function]: Illuminate\\Foundation\\Application->Illuminate\\Foundation\\{closure}(Object(App\\Providers\\RouteServiceProvider), 21)
#32 /Applications/MAMP/htdocs/tng_ecommerce/vendor/laravel/framework/src/Illuminate/Foundation/Application.php(840): array_walk(Array, Object(Closure))
#33 /Applications/MAMP/htdocs/tng_ecommerce/vendor/laravel/framework/src/Illuminate/Foundation/Bootstrap/BootProviders.php(17): Illuminate\\Foundation\\Application->boot()
#34 /Applications/MAMP/htdocs/tng_ecommerce/vendor/laravel/framework/src/Illuminate/Foundation/Application.php(219): Illuminate\\Foundation\\Bootstrap\\BootProviders->bootstrap(Object(Illuminate\\Foundation\\Application))
#35 /Applications/MAMP/htdocs/tng_ecommerce/vendor/laravel/framework/src/Illuminate/Foundation/Console/Kernel.php(320): Illuminate\\Foundation\\Application->bootstrapWith(Array)
#36 /Applications/MAMP/htdocs/tng_ecommerce/vendor/laravel/framework/src/Illuminate/Foundation/Console/Kernel.php(129): Illuminate\\Foundation\\Console\\Kernel->bootstrap()
#37 /Applications/MAMP/htdocs/tng_ecommerce/artisan(37): Illuminate\\Foundation\\Console\\Kernel->handle(Object(Symfony\\Component\\Console\\Input\\ArgvInput), Object(Symfony\\Component\\Console\\Output\\ConsoleOutput))
#38 {main}
"} 
[2021-06-08 00:05:17] local.ERROR: include(/Applications/MAMP/htdocs/tng_ecommerce/vendor/composer/../../app/Http/Controllers/Auth/ConfirmPasswordController.php): failed to open stream: No such file or directory {"exception":"[object] (ErrorException(code: 0): include(/Applications/MAMP/htdocs/tng_ecommerce/vendor/composer/../../app/Http/Controllers/Auth/ConfirmPasswordController.php): failed to open stream: No such file or directory at /Applications/MAMP/htdocs/tng_ecommerce/vendor/composer/ClassLoader.php:478)
[stacktrace]
#0 /Applications/MAMP/htdocs/tng_ecommerce/vendor/composer/ClassLoader.php(478): Illuminate\\Foundation\\Bootstrap\\HandleExceptions->handleError(2, 'include(/Applic...', '/Applications/M...', 478, Array)
#1 /Applications/MAMP/htdocs/tng_ecommerce/vendor/composer/ClassLoader.php(478): include()
#2 /Applications/MAMP/htdocs/tng_ecommerce/vendor/composer/ClassLoader.php(346): Composer\\Autoload\\includeFile('/Applications/M...')
#3 [internal function]: Composer\\Autoload\\ClassLoader->loadClass('App\\\\Http\\\\Contro...')
#4 [internal function]: spl_autoload_call('App\\\\Http\\\\Contro...')
#5 /Applications/MAMP/htdocs/tng_ecommerce/vendor/laravel/framework/src/Illuminate/Routing/Router.php(1170): class_exists('App\\\\Http\\\\Contro...')
#6 /Applications/MAMP/htdocs/tng_ecommerce/vendor/laravel/framework/src/Illuminate/Support/Facades/Auth.php(52): Illuminate\\Routing\\Router->auth(Array)
#7 /Applications/MAMP/htdocs/tng_ecommerce/routes/web.php(46): Illuminate\\Support\\Facades\\Auth::routes()
#8 /Applications/MAMP/htdocs/tng_ecommerce/vendor/laravel/framework/src/Illuminate/Routing/RouteFileRegistrar.php(35): require('/Applications/M...')
#9 /Applications/MAMP/htdocs/tng_ecommerce/vendor/laravel/framework/src/Illuminate/Routing/Router.php(416): Illuminate\\Routing\\RouteFileRegistrar->register('/Applications/M...')
#10 /Applications/MAMP/htdocs/tng_ecommerce/vendor/laravel/framework/src/Illuminate/Routing/Router.php(374): Illuminate\\Routing\\Router->loadRoutes('/Applications/M...')
#11 /Applications/MAMP/htdocs/tng_ecommerce/vendor/laravel/framework/src/Illuminate/Routing/RouteRegistrar.php(121): Illuminate\\Routing\\Router->group(Array, '/Applications/M...')
#12 /Applications/MAMP/htdocs/tng_ecommerce/app/Providers/RouteServiceProvider.php(56): Illuminate\\Routing\\RouteRegistrar->group('/Applications/M...')
#13 /Applications/MAMP/htdocs/tng_ecommerce/app/Providers/RouteServiceProvider.php(40): App\\Providers\\RouteServiceProvider->mapWebRoutes()
#14 [internal function]: App\\Providers\\RouteServiceProvider->map()
#15 /Applications/MAMP/htdocs/tng_ecommerce/vendor/laravel/framework/src/Illuminate/Container/BoundMethod.php(32): call_user_func_array(Array, Array)
#16 /Applications/MAMP/htdocs/tng_ecommerce/vendor/laravel/framework/src/Illuminate/Container/Util.php(37): Illuminate\\Container\\BoundMethod::Illuminate\\Container\\{closure}()
#17 /Applications/MAMP/htdocs/tng_ecommerce/vendor/laravel/framework/src/Illuminate/Container/BoundMethod.php(90): Illuminate\\Container\\Util::unwrapIfClosure(Object(Closure))
#18 /Applications/MAMP/htdocs/tng_ecommerce/vendor/laravel/framework/src/Illuminate/Container/BoundMethod.php(34): Illuminate\\Container\\BoundMethod::callBoundMethod(Object(Illuminate\\Foundation\\Application), Array, Object(Closure))
#19 /Applications/MAMP/htdocs/tng_ecommerce/vendor/laravel/framework/src/Illuminate/Container/Container.php(590): Illuminate\\Container\\BoundMethod::call(Object(Illuminate\\Foundation\\Application), Array, Array, NULL)
#20 /Applications/MAMP/htdocs/tng_ecommerce/vendor/laravel/framework/src/Illuminate/Foundation/Support/Providers/RouteServiceProvider.php(87): Illuminate\\Container\\Container->call(Array)
#21 /Applications/MAMP/htdocs/tng_ecommerce/vendor/laravel/framework/src/Illuminate/Foundation/Support/Providers/RouteServiceProvider.php(36): Illuminate\\Foundation\\Support\\Providers\\RouteServiceProvider->loadRoutes()
#22 /Applications/MAMP/htdocs/tng_ecommerce/app/Providers/RouteServiceProvider.php(28): Illuminate\\Foundation\\Support\\Providers\\RouteServiceProvider->boot()
#23 [internal function]: App\\Providers\\RouteServiceProvider->boot()
#24 /Applications/MAMP/htdocs/tng_ecommerce/vendor/laravel/framework/src/Illuminate/Container/BoundMethod.php(32): call_user_func_array(Array, Array)
#25 /Applications/MAMP/htdocs/tng_ecommerce/vendor/laravel/framework/src/Illuminate/Container/Util.php(37): Illuminate\\Container\\BoundMethod::Illuminate\\Container\\{closure}()
#26 /Applications/MAMP/htdocs/tng_ecommerce/vendor/laravel/framework/src/Illuminate/Container/BoundMethod.php(90): Illuminate\\Container\\Util::unwrapIfClosure(Object(Closure))
#27 /Applications/MAMP/htdocs/tng_ecommerce/vendor/laravel/framework/src/Illuminate/Container/BoundMethod.php(34): Illuminate\\Container\\BoundMethod::callBoundMethod(Object(Illuminate\\Foundation\\Application), Array, Object(Closure))
#28 /Applications/MAMP/htdocs/tng_ecommerce/vendor/laravel/framework/src/Illuminate/Container/Container.php(590): Illuminate\\Container\\BoundMethod::call(Object(Illuminate\\Foundation\\Application), Array, Array, NULL)
#29 /Applications/MAMP/htdocs/tng_ecommerce/vendor/laravel/framework/src/Illuminate/Foundation/Application.php(856): Illuminate\\Container\\Container->call(Array)
#30 /Applications/MAMP/htdocs/tng_ecommerce/vendor/laravel/framework/src/Illuminate/Foundation/Application.php(839): Illuminate\\Foundation\\Application->bootProvider(Object(App\\Providers\\RouteServiceProvider))
#31 [internal function]: Illuminate\\Foundation\\Application->Illuminate\\Foundation\\{closure}(Object(App\\Providers\\RouteServiceProvider), 21)
#32 /Applications/MAMP/htdocs/tng_ecommerce/vendor/laravel/framework/src/Illuminate/Foundation/Application.php(840): array_walk(Array, Object(Closure))
#33 /Applications/MAMP/htdocs/tng_ecommerce/vendor/laravel/framework/src/Illuminate/Foundation/Bootstrap/BootProviders.php(17): Illuminate\\Foundation\\Application->boot()
#34 /Applications/MAMP/htdocs/tng_ecommerce/vendor/laravel/framework/src/Illuminate/Foundation/Application.php(219): Illuminate\\Foundation\\Bootstrap\\BootProviders->bootstrap(Object(Illuminate\\Foundation\\Application))
#35 /Applications/MAMP/htdocs/tng_ecommerce/vendor/laravel/framework/src/Illuminate/Foundation/Console/Kernel.php(320): Illuminate\\Foundation\\Application->bootstrapWith(Array)
#36 /Applications/MAMP/htdocs/tng_ecommerce/vendor/laravel/framework/src/Illuminate/Foundation/Console/Kernel.php(129): Illuminate\\Foundation\\Console\\Kernel->bootstrap()
#37 /Applications/MAMP/htdocs/tng_ecommerce/artisan(37): Illuminate\\Foundation\\Console\\Kernel->handle(Object(Symfony\\Component\\Console\\Input\\ArgvInput), Object(Symfony\\Component\\Console\\Output\\ConsoleOutput))
#38 {main}
"} 
[2021-06-08 00:09:38] local.ERROR: include(/Applications/MAMP/htdocs/tng_ecommerce/vendor/composer/../../app/Http/Controllers/Auth/ConfirmPasswordController.php): failed to open stream: No such file or directory {"exception":"[object] (ErrorException(code: 0): include(/Applications/MAMP/htdocs/tng_ecommerce/vendor/composer/../../app/Http/Controllers/Auth/ConfirmPasswordController.php): failed to open stream: No such file or directory at /Applications/MAMP/htdocs/tng_ecommerce/vendor/composer/ClassLoader.php:478)
[stacktrace]
#0 /Applications/MAMP/htdocs/tng_ecommerce/vendor/composer/ClassLoader.php(478): Illuminate\\Foundation\\Bootstrap\\HandleExceptions->handleError(2, 'include(/Applic...', '/Applications/M...', 478, Array)
#1 /Applications/MAMP/htdocs/tng_ecommerce/vendor/composer/ClassLoader.php(478): include()
#2 /Applications/MAMP/htdocs/tng_ecommerce/vendor/composer/ClassLoader.php(346): Composer\\Autoload\\includeFile('/Applications/M...')
#3 [internal function]: Composer\\Autoload\\ClassLoader->loadClass('App\\\\Http\\\\Contro...')
#4 [internal function]: spl_autoload_call('App\\\\Http\\\\Contro...')
#5 /Applications/MAMP/htdocs/tng_ecommerce/vendor/laravel/framework/src/Illuminate/Routing/Router.php(1170): class_exists('App\\\\Http\\\\Contro...')
#6 /Applications/MAMP/htdocs/tng_ecommerce/vendor/laravel/framework/src/Illuminate/Support/Facades/Auth.php(52): Illuminate\\Routing\\Router->auth(Array)
#7 /Applications/MAMP/htdocs/tng_ecommerce/routes/web.php(46): Illuminate\\Support\\Facades\\Auth::routes()
#8 /Applications/MAMP/htdocs/tng_ecommerce/vendor/laravel/framework/src/Illuminate/Routing/RouteFileRegistrar.php(35): require('/Applications/M...')
#9 /Applications/MAMP/htdocs/tng_ecommerce/vendor/laravel/framework/src/Illuminate/Routing/Router.php(416): Illuminate\\Routing\\RouteFileRegistrar->register('/Applications/M...')
#10 /Applications/MAMP/htdocs/tng_ecommerce/vendor/laravel/framework/src/Illuminate/Routing/Router.php(374): Illuminate\\Routing\\Router->loadRoutes('/Applications/M...')
#11 /Applications/MAMP/htdocs/tng_ecommerce/vendor/laravel/framework/src/Illuminate/Routing/RouteRegistrar.php(121): Illuminate\\Routing\\Router->group(Array, '/Applications/M...')
#12 /Applications/MAMP/htdocs/tng_ecommerce/app/Providers/RouteServiceProvider.php(56): Illuminate\\Routing\\RouteRegistrar->group('/Applications/M...')
#13 /Applications/MAMP/htdocs/tng_ecommerce/app/Providers/RouteServiceProvider.php(40): App\\Providers\\RouteServiceProvider->mapWebRoutes()
#14 [internal function]: App\\Providers\\RouteServiceProvider->map()
#15 /Applications/MAMP/htdocs/tng_ecommerce/vendor/laravel/framework/src/Illuminate/Container/BoundMethod.php(32): call_user_func_array(Array, Array)
#16 /Applications/MAMP/htdocs/tng_ecommerce/vendor/laravel/framework/src/Illuminate/Container/Util.php(37): Illuminate\\Container\\BoundMethod::Illuminate\\Container\\{closure}()
#17 /Applications/MAMP/htdocs/tng_ecommerce/vendor/laravel/framework/src/Illuminate/Container/BoundMethod.php(90): Illuminate\\Container\\Util::unwrapIfClosure(Object(Closure))
#18 /Applications/MAMP/htdocs/tng_ecommerce/vendor/laravel/framework/src/Illuminate/Container/BoundMethod.php(34): Illuminate\\Container\\BoundMethod::callBoundMethod(Object(Illuminate\\Foundation\\Application), Array, Object(Closure))
#19 /Applications/MAMP/htdocs/tng_ecommerce/vendor/laravel/framework/src/Illuminate/Container/Container.php(590): Illuminate\\Container\\BoundMethod::call(Object(Illuminate\\Foundation\\Application), Array, Array, NULL)
#20 /Applications/MAMP/htdocs/tng_ecommerce/vendor/laravel/framework/src/Illuminate/Foundation/Support/Providers/RouteServiceProvider.php(87): Illuminate\\Container\\Container->call(Array)
#21 /Applications/MAMP/htdocs/tng_ecommerce/vendor/laravel/framework/src/Illuminate/Foundation/Support/Providers/RouteServiceProvider.php(36): Illuminate\\Foundation\\Support\\Providers\\RouteServiceProvider->loadRoutes()
#22 /Applications/MAMP/htdocs/tng_ecommerce/app/Providers/RouteServiceProvider.php(28): Illuminate\\Foundation\\Support\\Providers\\RouteServiceProvider->boot()
#23 [internal function]: App\\Providers\\RouteServiceProvider->boot()
#24 /Applications/MAMP/htdocs/tng_ecommerce/vendor/laravel/framework/src/Illuminate/Container/BoundMethod.php(32): call_user_func_array(Array, Array)
#25 /Applications/MAMP/htdocs/tng_ecommerce/vendor/laravel/framework/src/Illuminate/Container/Util.php(37): Illuminate\\Container\\BoundMethod::Illuminate\\Container\\{closure}()
#26 /Applications/MAMP/htdocs/tng_ecommerce/vendor/laravel/framework/src/Illuminate/Container/BoundMethod.php(90): Illuminate\\Container\\Util::unwrapIfClosure(Object(Closure))
#27 /Applications/MAMP/htdocs/tng_ecommerce/vendor/laravel/framework/src/Illuminate/Container/BoundMethod.php(34): Illuminate\\Container\\BoundMethod::callBoundMethod(Object(Illuminate\\Foundation\\Application), Array, Object(Closure))
#28 /Applications/MAMP/htdocs/tng_ecommerce/vendor/laravel/framework/src/Illuminate/Container/Container.php(590): Illuminate\\Container\\BoundMethod::call(Object(Illuminate\\Foundation\\Application), Array, Array, NULL)
#29 /Applications/MAMP/htdocs/tng_ecommerce/vendor/laravel/framework/src/Illuminate/Foundation/Application.php(856): Illuminate\\Container\\Container->call(Array)
#30 /Applications/MAMP/htdocs/tng_ecommerce/vendor/laravel/framework/src/Illuminate/Foundation/Application.php(839): Illuminate\\Foundation\\Application->bootProvider(Object(App\\Providers\\RouteServiceProvider))
#31 [internal function]: Illuminate\\Foundation\\Application->Illuminate\\Foundation\\{closure}(Object(App\\Providers\\RouteServiceProvider), 21)
#32 /Applications/MAMP/htdocs/tng_ecommerce/vendor/laravel/framework/src/Illuminate/Foundation/Application.php(840): array_walk(Array, Object(Closure))
#33 /Applications/MAMP/htdocs/tng_ecommerce/vendor/laravel/framework/src/Illuminate/Foundation/Bootstrap/BootProviders.php(17): Illuminate\\Foundation\\Application->boot()
#34 /Applications/MAMP/htdocs/tng_ecommerce/vendor/laravel/framework/src/Illuminate/Foundation/Application.php(219): Illuminate\\Foundation\\Bootstrap\\BootProviders->bootstrap(Object(Illuminate\\Foundation\\Application))
#35 /Applications/MAMP/htdocs/tng_ecommerce/vendor/laravel/framework/src/Illuminate/Foundation/Console/Kernel.php(320): Illuminate\\Foundation\\Application->bootstrapWith(Array)
#36 /Applications/MAMP/htdocs/tng_ecommerce/vendor/laravel/framework/src/Illuminate/Foundation/Console/Kernel.php(129): Illuminate\\Foundation\\Console\\Kernel->bootstrap()
#37 /Applications/MAMP/htdocs/tng_ecommerce/artisan(37): Illuminate\\Foundation\\Console\\Kernel->handle(Object(Symfony\\Component\\Console\\Input\\ArgvInput), Object(Symfony\\Component\\Console\\Output\\ConsoleOutput))
#38 {main}
"} 
[2021-06-08 00:18:35] local.ERROR: include(/Applications/MAMP/htdocs/tng_ecommerce/vendor/composer/../../app/Http/Controllers/Auth/ConfirmPasswordController.php): failed to open stream: No such file or directory {"exception":"[object] (ErrorException(code: 0): include(/Applications/MAMP/htdocs/tng_ecommerce/vendor/composer/../../app/Http/Controllers/Auth/ConfirmPasswordController.php): failed to open stream: No such file or directory at /Applications/MAMP/htdocs/tng_ecommerce/vendor/composer/ClassLoader.php:478)
[stacktrace]
#0 /Applications/MAMP/htdocs/tng_ecommerce/vendor/composer/ClassLoader.php(478): Illuminate\\Foundation\\Bootstrap\\HandleExceptions->handleError(2, 'include(/Applic...', '/Applications/M...', 478, Array)
#1 /Applications/MAMP/htdocs/tng_ecommerce/vendor/composer/ClassLoader.php(478): include()
#2 /Applications/MAMP/htdocs/tng_ecommerce/vendor/composer/ClassLoader.php(346): Composer\\Autoload\\includeFile('/Applications/M...')
#3 [internal function]: Composer\\Autoload\\ClassLoader->loadClass('App\\\\Http\\\\Contro...')
#4 [internal function]: spl_autoload_call('App\\\\Http\\\\Contro...')
#5 /Applications/MAMP/htdocs/tng_ecommerce/vendor/laravel/framework/src/Illuminate/Routing/Router.php(1170): class_exists('App\\\\Http\\\\Contro...')
#6 /Applications/MAMP/htdocs/tng_ecommerce/vendor/laravel/framework/src/Illuminate/Support/Facades/Auth.php(52): Illuminate\\Routing\\Router->auth(Array)
#7 /Applications/MAMP/htdocs/tng_ecommerce/routes/web.php(46): Illuminate\\Support\\Facades\\Auth::routes()
#8 /Applications/MAMP/htdocs/tng_ecommerce/vendor/laravel/framework/src/Illuminate/Routing/RouteFileRegistrar.php(35): require('/Applications/M...')
#9 /Applications/MAMP/htdocs/tng_ecommerce/vendor/laravel/framework/src/Illuminate/Routing/Router.php(416): Illuminate\\Routing\\RouteFileRegistrar->register('/Applications/M...')
#10 /Applications/MAMP/htdocs/tng_ecommerce/vendor/laravel/framework/src/Illuminate/Routing/Router.php(374): Illuminate\\Routing\\Router->loadRoutes('/Applications/M...')
#11 /Applications/MAMP/htdocs/tng_ecommerce/vendor/laravel/framework/src/Illuminate/Routing/RouteRegistrar.php(121): Illuminate\\Routing\\Router->group(Array, '/Applications/M...')
#12 /Applications/MAMP/htdocs/tng_ecommerce/app/Providers/RouteServiceProvider.php(56): Illuminate\\Routing\\RouteRegistrar->group('/Applications/M...')
#13 /Applications/MAMP/htdocs/tng_ecommerce/app/Providers/RouteServiceProvider.php(40): App\\Providers\\RouteServiceProvider->mapWebRoutes()
#14 [internal function]: App\\Providers\\RouteServiceProvider->map()
#15 /Applications/MAMP/htdocs/tng_ecommerce/vendor/laravel/framework/src/Illuminate/Container/BoundMethod.php(32): call_user_func_array(Array, Array)
#16 /Applications/MAMP/htdocs/tng_ecommerce/vendor/laravel/framework/src/Illuminate/Container/Util.php(37): Illuminate\\Container\\BoundMethod::Illuminate\\Container\\{closure}()
#17 /Applications/MAMP/htdocs/tng_ecommerce/vendor/laravel/framework/src/Illuminate/Container/BoundMethod.php(90): Illuminate\\Container\\Util::unwrapIfClosure(Object(Closure))
#18 /Applications/MAMP/htdocs/tng_ecommerce/vendor/laravel/framework/src/Illuminate/Container/BoundMethod.php(34): Illuminate\\Container\\BoundMethod::callBoundMethod(Object(Illuminate\\Foundation\\Application), Array, Object(Closure))
#19 /Applications/MAMP/htdocs/tng_ecommerce/vendor/laravel/framework/src/Illuminate/Container/Container.php(590): Illuminate\\Container\\BoundMethod::call(Object(Illuminate\\Foundation\\Application), Array, Array, NULL)
#20 /Applications/MAMP/htdocs/tng_ecommerce/vendor/laravel/framework/src/Illuminate/Foundation/Support/Providers/RouteServiceProvider.php(87): Illuminate\\Container\\Container->call(Array)
#21 /Applications/MAMP/htdocs/tng_ecommerce/vendor/laravel/framework/src/Illuminate/Foundation/Support/Providers/RouteServiceProvider.php(36): Illuminate\\Foundation\\Support\\Providers\\RouteServiceProvider->loadRoutes()
#22 /Applications/MAMP/htdocs/tng_ecommerce/app/Providers/RouteServiceProvider.php(28): Illuminate\\Foundation\\Support\\Providers\\RouteServiceProvider->boot()
#23 [internal function]: App\\Providers\\RouteServiceProvider->boot()
#24 /Applications/MAMP/htdocs/tng_ecommerce/vendor/laravel/framework/src/Illuminate/Container/BoundMethod.php(32): call_user_func_array(Array, Array)
#25 /Applications/MAMP/htdocs/tng_ecommerce/vendor/laravel/framework/src/Illuminate/Container/Util.php(37): Illuminate\\Container\\BoundMethod::Illuminate\\Container\\{closure}()
#26 /Applications/MAMP/htdocs/tng_ecommerce/vendor/laravel/framework/src/Illuminate/Container/BoundMethod.php(90): Illuminate\\Container\\Util::unwrapIfClosure(Object(Closure))
#27 /Applications/MAMP/htdocs/tng_ecommerce/vendor/laravel/framework/src/Illuminate/Container/BoundMethod.php(34): Illuminate\\Container\\BoundMethod::callBoundMethod(Object(Illuminate\\Foundation\\Application), Array, Object(Closure))
#28 /Applications/MAMP/htdocs/tng_ecommerce/vendor/laravel/framework/src/Illuminate/Container/Container.php(590): Illuminate\\Container\\BoundMethod::call(Object(Illuminate\\Foundation\\Application), Array, Array, NULL)
#29 /Applications/MAMP/htdocs/tng_ecommerce/vendor/laravel/framework/src/Illuminate/Foundation/Application.php(856): Illuminate\\Container\\Container->call(Array)
#30 /Applications/MAMP/htdocs/tng_ecommerce/vendor/laravel/framework/src/Illuminate/Foundation/Application.php(839): Illuminate\\Foundation\\Application->bootProvider(Object(App\\Providers\\RouteServiceProvider))
#31 [internal function]: Illuminate\\Foundation\\Application->Illuminate\\Foundation\\{closure}(Object(App\\Providers\\RouteServiceProvider), 21)
#32 /Applications/MAMP/htdocs/tng_ecommerce/vendor/laravel/framework/src/Illuminate/Foundation/Application.php(840): array_walk(Array, Object(Closure))
#33 /Applications/MAMP/htdocs/tng_ecommerce/vendor/laravel/framework/src/Illuminate/Foundation/Bootstrap/BootProviders.php(17): Illuminate\\Foundation\\Application->boot()
#34 /Applications/MAMP/htdocs/tng_ecommerce/vendor/laravel/framework/src/Illuminate/Foundation/Application.php(219): Illuminate\\Foundation\\Bootstrap\\BootProviders->bootstrap(Object(Illuminate\\Foundation\\Application))
#35 /Applications/MAMP/htdocs/tng_ecommerce/vendor/laravel/framework/src/Illuminate/Foundation/Console/Kernel.php(320): Illuminate\\Foundation\\Application->bootstrapWith(Array)
#36 /Applications/MAMP/htdocs/tng_ecommerce/vendor/laravel/framework/src/Illuminate/Foundation/Console/Kernel.php(129): Illuminate\\Foundation\\Console\\Kernel->bootstrap()
#37 /Applications/MAMP/htdocs/tng_ecommerce/artisan(37): Illuminate\\Foundation\\Console\\Kernel->handle(Object(Symfony\\Component\\Console\\Input\\ArgvInput), Object(Symfony\\Component\\Console\\Output\\ConsoleOutput))
#38 {main}
"} 
