[2021-04-19 13:57:23] local.ERROR: SQLSTATE[HY000] [2002] 対象のコンピューターによって拒否されたため、接続できませんでした。
 (SQL: select * from information_schema.tables where table_schema = ec and table_name = migrations and table_type = 'BASE TABLE') {"exception":"[object] (Illuminate\\Database\\QueryException(code: 2002): SQLSTATE[HY000] [2002] 対象のコンピューターによって拒否されたため、接続できませんでした。
 (SQL: select * from information_schema.tables where table_schema = ec and table_name = migrations and table_type = 'BASE TABLE') at C:\\MAMP\\htdocs\\tng_ecommerce\\vendor\\laravel\\framework\\src\\Illuminate\\Database\\Connection.php:669)
[stacktrace]
#0 C:\\MAMP\\htdocs\\tng_ecommerce\\vendor\\laravel\\framework\\src\\Illuminate\\Database\\Connection.php(629): Illuminate\\Database\\Connection->runQueryCallback()
#1 C:\\MAMP\\htdocs\\tng_ecommerce\\vendor\\laravel\\framework\\src\\Illuminate\\Database\\Connection.php(338): Illuminate\\Database\\Connection->run()
#2 C:\\MAMP\\htdocs\\tng_ecommerce\\vendor\\laravel\\framework\\src\\Illuminate\\Database\\Schema\\MySqlBuilder.php(18): Illuminate\\Database\\Connection->select()
#3 C:\\MAMP\\htdocs\\tng_ecommerce\\vendor\\laravel\\framework\\src\\Illuminate\\Database\\Migrations\\DatabaseMigrationRepository.php(169): Illuminate\\Database\\Schema\\MySqlBuilder->hasTable()
#4 C:\\MAMP\\htdocs\\tng_ecommerce\\vendor\\laravel\\framework\\src\\Illuminate\\Database\\Migrations\\Migrator.php(590): Illuminate\\Database\\Migrations\\DatabaseMigrationRepository->repositoryExists()
#5 C:\\MAMP\\htdocs\\tng_ecommerce\\vendor\\laravel\\framework\\src\\Illuminate\\Database\\Console\\Migrations\\MigrateCommand.php(91): Illuminate\\Database\\Migrations\\Migrator->repositoryExists()
#6 C:\\MAMP\\htdocs\\tng_ecommerce\\vendor\\laravel\\framework\\src\\Illuminate\\Database\\Console\\Migrations\\MigrateCommand.php(63): Illuminate\\Database\\Console\\Migrations\\MigrateCommand->prepareDatabase()
#7 [internal function]: Illuminate\\Database\\Console\\Migrations\\MigrateCommand->handle()
#8 C:\\MAMP\\htdocs\\tng_ecommerce\\vendor\\laravel\\framework\\src\\Illuminate\\Container\\BoundMethod.php(32): call_user_func_array()
#9 C:\\MAMP\\htdocs\\tng_ecommerce\\vendor\\laravel\\framework\\src\\Illuminate\\Container\\Util.php(37): Illuminate\\Container\\BoundMethod::Illuminate\\Container\\{closure}()
#10 C:\\MAMP\\htdocs\\tng_ecommerce\\vendor\\laravel\\framework\\src\\Illuminate\\Container\\BoundMethod.php(90): Illuminate\\Container\\Util::unwrapIfClosure()
#11 C:\\MAMP\\htdocs\\tng_ecommerce\\vendor\\laravel\\framework\\src\\Illuminate\\Container\\BoundMethod.php(34): Illuminate\\Container\\BoundMethod::callBoundMethod()
#12 C:\\MAMP\\htdocs\\tng_ecommerce\\vendor\\laravel\\framework\\src\\Illuminate\\Container\\Container.php(590): Illuminate\\Container\\BoundMethod::call()
#13 C:\\MAMP\\htdocs\\tng_ecommerce\\vendor\\laravel\\framework\\src\\Illuminate\\Console\\Command.php(134): Illuminate\\Container\\Container->call()
#14 C:\\MAMP\\htdocs\\tng_ecommerce\\vendor\\symfony\\console\\Command\\Command.php(255): Illuminate\\Console\\Command->execute()
#15 C:\\MAMP\\htdocs\\tng_ecommerce\\vendor\\laravel\\framework\\src\\Illuminate\\Console\\Command.php(121): Symfony\\Component\\Console\\Command\\Command->run()
#16 C:\\MAMP\\htdocs\\tng_ecommerce\\vendor\\symfony\\console\\Application.php(1009): Illuminate\\Console\\Command->run()
#17 C:\\MAMP\\htdocs\\tng_ecommerce\\vendor\\symfony\\console\\Application.php(273): Symfony\\Component\\Console\\Application->doRunCommand()
#18 C:\\MAMP\\htdocs\\tng_ecommerce\\vendor\\symfony\\console\\Application.php(149): Symfony\\Component\\Console\\Application->doRun()
#19 C:\\MAMP\\htdocs\\tng_ecommerce\\vendor\\laravel\\framework\\src\\Illuminate\\Console\\Application.php(93): Symfony\\Component\\Console\\Application->run()
#20 C:\\MAMP\\htdocs\\tng_ecommerce\\vendor\\laravel\\framework\\src\\Illuminate\\Foundation\\Console\\Kernel.php(131): Illuminate\\Console\\Application->run()
#21 C:\\MAMP\\htdocs\\tng_ecommerce\\artisan(37): Illuminate\\Foundation\\Console\\Kernel->handle()
#22 {main}

[previous exception] [object] (PDOException(code: 2002): SQLSTATE[HY000] [2002] 対象のコンピューターによって拒否されたため、接続できませんでした。
 at C:\\MAMP\\htdocs\\tng_ecommerce\\vendor\\laravel\\framework\\src\\Illuminate\\Database\\Connectors\\Connector.php:70)
[stacktrace]
#0 C:\\MAMP\\htdocs\\tng_ecommerce\\vendor\\laravel\\framework\\src\\Illuminate\\Database\\Connectors\\Connector.php(70): PDO->__construct()
#1 C:\\MAMP\\htdocs\\tng_ecommerce\\vendor\\laravel\\framework\\src\\Illuminate\\Database\\Connectors\\Connector.php(46): Illuminate\\Database\\Connectors\\Connector->createPdoConnection()
#2 C:\\MAMP\\htdocs\\tng_ecommerce\\vendor\\laravel\\framework\\src\\Illuminate\\Database\\Connectors\\MySqlConnector.php(24): Illuminate\\Database\\Connectors\\Connector->createConnection()
#3 C:\\MAMP\\htdocs\\tng_ecommerce\\vendor\\laravel\\framework\\src\\Illuminate\\Database\\Connectors\\ConnectionFactory.php(182): Illuminate\\Database\\Connectors\\MySqlConnector->connect()
#4 [internal function]: Illuminate\\Database\\Connectors\\ConnectionFactory->Illuminate\\Database\\Connectors\\{closure}()
#5 C:\\MAMP\\htdocs\\tng_ecommerce\\vendor\\laravel\\framework\\src\\Illuminate\\Database\\Connection.php(924): call_user_func()
#6 C:\\MAMP\\htdocs\\tng_ecommerce\\vendor\\laravel\\framework\\src\\Illuminate\\Database\\Connection.php(959): Illuminate\\Database\\Connection->getPdo()
#7 C:\\MAMP\\htdocs\\tng_ecommerce\\vendor\\laravel\\framework\\src\\Illuminate\\Database\\Connection.php(404): Illuminate\\Database\\Connection->getReadPdo()
#8 C:\\MAMP\\htdocs\\tng_ecommerce\\vendor\\laravel\\framework\\src\\Illuminate\\Database\\Connection.php(330): Illuminate\\Database\\Connection->getPdoForSelect()
#9 C:\\MAMP\\htdocs\\tng_ecommerce\\vendor\\laravel\\framework\\src\\Illuminate\\Database\\Connection.php(662): Illuminate\\Database\\Connection->Illuminate\\Database\\{closure}()
#10 C:\\MAMP\\htdocs\\tng_ecommerce\\vendor\\laravel\\framework\\src\\Illuminate\\Database\\Connection.php(629): Illuminate\\Database\\Connection->runQueryCallback()
#11 C:\\MAMP\\htdocs\\tng_ecommerce\\vendor\\laravel\\framework\\src\\Illuminate\\Database\\Connection.php(338): Illuminate\\Database\\Connection->run()
#12 C:\\MAMP\\htdocs\\tng_ecommerce\\vendor\\laravel\\framework\\src\\Illuminate\\Database\\Schema\\MySqlBuilder.php(18): Illuminate\\Database\\Connection->select()
#13 C:\\MAMP\\htdocs\\tng_ecommerce\\vendor\\laravel\\framework\\src\\Illuminate\\Database\\Migrations\\DatabaseMigrationRepository.php(169): Illuminate\\Database\\Schema\\MySqlBuilder->hasTable()
#14 C:\\MAMP\\htdocs\\tng_ecommerce\\vendor\\laravel\\framework\\src\\Illuminate\\Database\\Migrations\\Migrator.php(590): Illuminate\\Database\\Migrations\\DatabaseMigrationRepository->repositoryExists()
#15 C:\\MAMP\\htdocs\\tng_ecommerce\\vendor\\laravel\\framework\\src\\Illuminate\\Database\\Console\\Migrations\\MigrateCommand.php(91): Illuminate\\Database\\Migrations\\Migrator->repositoryExists()
#16 C:\\MAMP\\htdocs\\tng_ecommerce\\vendor\\laravel\\framework\\src\\Illuminate\\Database\\Console\\Migrations\\MigrateCommand.php(63): Illuminate\\Database\\Console\\Migrations\\MigrateCommand->prepareDatabase()
#17 [internal function]: Illuminate\\Database\\Console\\Migrations\\MigrateCommand->handle()
#18 C:\\MAMP\\htdocs\\tng_ecommerce\\vendor\\laravel\\framework\\src\\Illuminate\\Container\\BoundMethod.php(32): call_user_func_array()
#19 C:\\MAMP\\htdocs\\tng_ecommerce\\vendor\\laravel\\framework\\src\\Illuminate\\Container\\Util.php(37): Illuminate\\Container\\BoundMethod::Illuminate\\Container\\{closure}()
#20 C:\\MAMP\\htdocs\\tng_ecommerce\\vendor\\laravel\\framework\\src\\Illuminate\\Container\\BoundMethod.php(90): Illuminate\\Container\\Util::unwrapIfClosure()
#21 C:\\MAMP\\htdocs\\tng_ecommerce\\vendor\\laravel\\framework\\src\\Illuminate\\Container\\BoundMethod.php(34): Illuminate\\Container\\BoundMethod::callBoundMethod()
#22 C:\\MAMP\\htdocs\\tng_ecommerce\\vendor\\laravel\\framework\\src\\Illuminate\\Container\\Container.php(590): Illuminate\\Container\\BoundMethod::call()
#23 C:\\MAMP\\htdocs\\tng_ecommerce\\vendor\\laravel\\framework\\src\\Illuminate\\Console\\Command.php(134): Illuminate\\Container\\Container->call()
#24 C:\\MAMP\\htdocs\\tng_ecommerce\\vendor\\symfony\\console\\Command\\Command.php(255): Illuminate\\Console\\Command->execute()
#25 C:\\MAMP\\htdocs\\tng_ecommerce\\vendor\\laravel\\framework\\src\\Illuminate\\Console\\Command.php(121): Symfony\\Component\\Console\\Command\\Command->run()
#26 C:\\MAMP\\htdocs\\tng_ecommerce\\vendor\\symfony\\console\\Application.php(1009): Illuminate\\Console\\Command->run()
#27 C:\\MAMP\\htdocs\\tng_ecommerce\\vendor\\symfony\\console\\Application.php(273): Symfony\\Component\\Console\\Application->doRunCommand()
#28 C:\\MAMP\\htdocs\\tng_ecommerce\\vendor\\symfony\\console\\Application.php(149): Symfony\\Component\\Console\\Application->doRun()
#29 C:\\MAMP\\htdocs\\tng_ecommerce\\vendor\\laravel\\framework\\src\\Illuminate\\Console\\Application.php(93): Symfony\\Component\\Console\\Application->run()
#30 C:\\MAMP\\htdocs\\tng_ecommerce\\vendor\\laravel\\framework\\src\\Illuminate\\Foundation\\Console\\Kernel.php(131): Illuminate\\Console\\Application->run()
#31 C:\\MAMP\\htdocs\\tng_ecommerce\\artisan(37): Illuminate\\Foundation\\Console\\Kernel->handle()
#32 {main}
"} 
[2021-04-19 14:00:28] local.ERROR: SQLSTATE[42000]: Syntax error or access violation: 1075 Incorrect table definition; there can be only one auto column and it must be defined as a key (SQL: create table `users` (`id` bigint unsigned not null auto_increment primary key, `name` varchar(191) not null, `email` varchar(191) not null, `email_verified_at` timestamp null, `password` varchar(191) not null, `remember_token` varchar(100) null, `tel_number` varchar(191) not null, `address` varchar(191) not null, `seller_id` bigint unsigned not null auto_increment primary key, `created_at` timestamp null, `updated_at` timestamp null) default character set utf8mb4 collate 'utf8mb4_unicode_ci') {"exception":"[object] (Illuminate\\Database\\QueryException(code: 42000): SQLSTATE[42000]: Syntax error or access violation: 1075 Incorrect table definition; there can be only one auto column and it must be defined as a key (SQL: create table `users` (`id` bigint unsigned not null auto_increment primary key, `name` varchar(191) not null, `email` varchar(191) not null, `email_verified_at` timestamp null, `password` varchar(191) not null, `remember_token` varchar(100) null, `tel_number` varchar(191) not null, `address` varchar(191) not null, `seller_id` bigint unsigned not null auto_increment primary key, `created_at` timestamp null, `updated_at` timestamp null) default character set utf8mb4 collate 'utf8mb4_unicode_ci') at C:\\MAMP\\htdocs\\tng_ecommerce\\vendor\\laravel\\framework\\src\\Illuminate\\Database\\Connection.php:669)
[stacktrace]
#0 C:\\MAMP\\htdocs\\tng_ecommerce\\vendor\\laravel\\framework\\src\\Illuminate\\Database\\Connection.php(629): Illuminate\\Database\\Connection->runQueryCallback()
#1 C:\\MAMP\\htdocs\\tng_ecommerce\\vendor\\laravel\\framework\\src\\Illuminate\\Database\\Connection.php(464): Illuminate\\Database\\Connection->run()
#2 C:\\MAMP\\htdocs\\tng_ecommerce\\vendor\\laravel\\framework\\src\\Illuminate\\Database\\Schema\\Blueprint.php(97): Illuminate\\Database\\Connection->statement()
#3 C:\\MAMP\\htdocs\\tng_ecommerce\\vendor\\laravel\\framework\\src\\Illuminate\\Database\\Schema\\Builder.php(290): Illuminate\\Database\\Schema\\Blueprint->build()
#4 C:\\MAMP\\htdocs\\tng_ecommerce\\vendor\\laravel\\framework\\src\\Illuminate\\Database\\Schema\\Builder.php(167): Illuminate\\Database\\Schema\\Builder->build()
#5 C:\\MAMP\\htdocs\\tng_ecommerce\\vendor\\laravel\\framework\\src\\Illuminate\\Support\\Facades\\Facade.php(261): Illuminate\\Database\\Schema\\Builder->create()
#6 C:\\MAMP\\htdocs\\tng_ecommerce\\database\\migrations\\2014_10_12_000000_create_users_table.php(30): Illuminate\\Support\\Facades\\Facade::__callStatic()
#7 C:\\MAMP\\htdocs\\tng_ecommerce\\vendor\\laravel\\framework\\src\\Illuminate\\Database\\Migrations\\Migrator.php(392): CreateUsersTable->up()
#8 C:\\MAMP\\htdocs\\tng_ecommerce\\vendor\\laravel\\framework\\src\\Illuminate\\Database\\Migrations\\Migrator.php(401): Illuminate\\Database\\Migrations\\Migrator->Illuminate\\Database\\Migrations\\{closure}()
#9 C:\\MAMP\\htdocs\\tng_ecommerce\\vendor\\laravel\\framework\\src\\Illuminate\\Database\\Migrations\\Migrator.php(200): Illuminate\\Database\\Migrations\\Migrator->runMigration()
#10 C:\\MAMP\\htdocs\\tng_ecommerce\\vendor\\laravel\\framework\\src\\Illuminate\\Database\\Migrations\\Migrator.php(165): Illuminate\\Database\\Migrations\\Migrator->runUp()
#11 C:\\MAMP\\htdocs\\tng_ecommerce\\vendor\\laravel\\framework\\src\\Illuminate\\Database\\Migrations\\Migrator.php(110): Illuminate\\Database\\Migrations\\Migrator->runPending()
#12 C:\\MAMP\\htdocs\\tng_ecommerce\\vendor\\laravel\\framework\\src\\Illuminate\\Database\\Console\\Migrations\\MigrateCommand.php(71): Illuminate\\Database\\Migrations\\Migrator->run()
#13 [internal function]: Illuminate\\Database\\Console\\Migrations\\MigrateCommand->handle()
#14 C:\\MAMP\\htdocs\\tng_ecommerce\\vendor\\laravel\\framework\\src\\Illuminate\\Container\\BoundMethod.php(32): call_user_func_array()
#15 C:\\MAMP\\htdocs\\tng_ecommerce\\vendor\\laravel\\framework\\src\\Illuminate\\Container\\Util.php(37): Illuminate\\Container\\BoundMethod::Illuminate\\Container\\{closure}()
#16 C:\\MAMP\\htdocs\\tng_ecommerce\\vendor\\laravel\\framework\\src\\Illuminate\\Container\\BoundMethod.php(90): Illuminate\\Container\\Util::unwrapIfClosure()
#17 C:\\MAMP\\htdocs\\tng_ecommerce\\vendor\\laravel\\framework\\src\\Illuminate\\Container\\BoundMethod.php(34): Illuminate\\Container\\BoundMethod::callBoundMethod()
#18 C:\\MAMP\\htdocs\\tng_ecommerce\\vendor\\laravel\\framework\\src\\Illuminate\\Container\\Container.php(590): Illuminate\\Container\\BoundMethod::call()
#19 C:\\MAMP\\htdocs\\tng_ecommerce\\vendor\\laravel\\framework\\src\\Illuminate\\Console\\Command.php(134): Illuminate\\Container\\Container->call()
#20 C:\\MAMP\\htdocs\\tng_ecommerce\\vendor\\symfony\\console\\Command\\Command.php(255): Illuminate\\Console\\Command->execute()
#21 C:\\MAMP\\htdocs\\tng_ecommerce\\vendor\\laravel\\framework\\src\\Illuminate\\Console\\Command.php(121): Symfony\\Component\\Console\\Command\\Command->run()
#22 C:\\MAMP\\htdocs\\tng_ecommerce\\vendor\\symfony\\console\\Application.php(1009): Illuminate\\Console\\Command->run()
#23 C:\\MAMP\\htdocs\\tng_ecommerce\\vendor\\symfony\\console\\Application.php(273): Symfony\\Component\\Console\\Application->doRunCommand()
#24 C:\\MAMP\\htdocs\\tng_ecommerce\\vendor\\symfony\\console\\Application.php(149): Symfony\\Component\\Console\\Application->doRun()
#25 C:\\MAMP\\htdocs\\tng_ecommerce\\vendor\\laravel\\framework\\src\\Illuminate\\Console\\Application.php(93): Symfony\\Component\\Console\\Application->run()
#26 C:\\MAMP\\htdocs\\tng_ecommerce\\vendor\\laravel\\framework\\src\\Illuminate\\Foundation\\Console\\Kernel.php(131): Illuminate\\Console\\Application->run()
#27 C:\\MAMP\\htdocs\\tng_ecommerce\\artisan(37): Illuminate\\Foundation\\Console\\Kernel->handle()
#28 {main}

[previous exception] [object] (PDOException(code: 42000): SQLSTATE[42000]: Syntax error or access violation: 1075 Incorrect table definition; there can be only one auto column and it must be defined as a key at C:\\MAMP\\htdocs\\tng_ecommerce\\vendor\\laravel\\framework\\src\\Illuminate\\Database\\Connection.php:463)
[stacktrace]
#0 C:\\MAMP\\htdocs\\tng_ecommerce\\vendor\\laravel\\framework\\src\\Illuminate\\Database\\Connection.php(463): PDOStatement->execute()
#1 C:\\MAMP\\htdocs\\tng_ecommerce\\vendor\\laravel\\framework\\src\\Illuminate\\Database\\Connection.php(662): Illuminate\\Database\\Connection->Illuminate\\Database\\{closure}()
#2 C:\\MAMP\\htdocs\\tng_ecommerce\\vendor\\laravel\\framework\\src\\Illuminate\\Database\\Connection.php(629): Illuminate\\Database\\Connection->runQueryCallback()
#3 C:\\MAMP\\htdocs\\tng_ecommerce\\vendor\\laravel\\framework\\src\\Illuminate\\Database\\Connection.php(464): Illuminate\\Database\\Connection->run()
#4 C:\\MAMP\\htdocs\\tng_ecommerce\\vendor\\laravel\\framework\\src\\Illuminate\\Database\\Schema\\Blueprint.php(97): Illuminate\\Database\\Connection->statement()
#5 C:\\MAMP\\htdocs\\tng_ecommerce\\vendor\\laravel\\framework\\src\\Illuminate\\Database\\Schema\\Builder.php(290): Illuminate\\Database\\Schema\\Blueprint->build()
#6 C:\\MAMP\\htdocs\\tng_ecommerce\\vendor\\laravel\\framework\\src\\Illuminate\\Database\\Schema\\Builder.php(167): Illuminate\\Database\\Schema\\Builder->build()
#7 C:\\MAMP\\htdocs\\tng_ecommerce\\vendor\\laravel\\framework\\src\\Illuminate\\Support\\Facades\\Facade.php(261): Illuminate\\Database\\Schema\\Builder->create()
#8 C:\\MAMP\\htdocs\\tng_ecommerce\\database\\migrations\\2014_10_12_000000_create_users_table.php(30): Illuminate\\Support\\Facades\\Facade::__callStatic()
#9 C:\\MAMP\\htdocs\\tng_ecommerce\\vendor\\laravel\\framework\\src\\Illuminate\\Database\\Migrations\\Migrator.php(392): CreateUsersTable->up()
#10 C:\\MAMP\\htdocs\\tng_ecommerce\\vendor\\laravel\\framework\\src\\Illuminate\\Database\\Migrations\\Migrator.php(401): Illuminate\\Database\\Migrations\\Migrator->Illuminate\\Database\\Migrations\\{closure}()
#11 C:\\MAMP\\htdocs\\tng_ecommerce\\vendor\\laravel\\framework\\src\\Illuminate\\Database\\Migrations\\Migrator.php(200): Illuminate\\Database\\Migrations\\Migrator->runMigration()
#12 C:\\MAMP\\htdocs\\tng_ecommerce\\vendor\\laravel\\framework\\src\\Illuminate\\Database\\Migrations\\Migrator.php(165): Illuminate\\Database\\Migrations\\Migrator->runUp()
#13 C:\\MAMP\\htdocs\\tng_ecommerce\\vendor\\laravel\\framework\\src\\Illuminate\\Database\\Migrations\\Migrator.php(110): Illuminate\\Database\\Migrations\\Migrator->runPending()
#14 C:\\MAMP\\htdocs\\tng_ecommerce\\vendor\\laravel\\framework\\src\\Illuminate\\Database\\Console\\Migrations\\MigrateCommand.php(71): Illuminate\\Database\\Migrations\\Migrator->run()
#15 [internal function]: Illuminate\\Database\\Console\\Migrations\\MigrateCommand->handle()
#16 C:\\MAMP\\htdocs\\tng_ecommerce\\vendor\\laravel\\framework\\src\\Illuminate\\Container\\BoundMethod.php(32): call_user_func_array()
#17 C:\\MAMP\\htdocs\\tng_ecommerce\\vendor\\laravel\\framework\\src\\Illuminate\\Container\\Util.php(37): Illuminate\\Container\\BoundMethod::Illuminate\\Container\\{closure}()
#18 C:\\MAMP\\htdocs\\tng_ecommerce\\vendor\\laravel\\framework\\src\\Illuminate\\Container\\BoundMethod.php(90): Illuminate\\Container\\Util::unwrapIfClosure()
#19 C:\\MAMP\\htdocs\\tng_ecommerce\\vendor\\laravel\\framework\\src\\Illuminate\\Container\\BoundMethod.php(34): Illuminate\\Container\\BoundMethod::callBoundMethod()
#20 C:\\MAMP\\htdocs\\tng_ecommerce\\vendor\\laravel\\framework\\src\\Illuminate\\Container\\Container.php(590): Illuminate\\Container\\BoundMethod::call()
#21 C:\\MAMP\\htdocs\\tng_ecommerce\\vendor\\laravel\\framework\\src\\Illuminate\\Console\\Command.php(134): Illuminate\\Container\\Container->call()
#22 C:\\MAMP\\htdocs\\tng_ecommerce\\vendor\\symfony\\console\\Command\\Command.php(255): Illuminate\\Console\\Command->execute()
#23 C:\\MAMP\\htdocs\\tng_ecommerce\\vendor\\laravel\\framework\\src\\Illuminate\\Console\\Command.php(121): Symfony\\Component\\Console\\Command\\Command->run()
#24 C:\\MAMP\\htdocs\\tng_ecommerce\\vendor\\symfony\\console\\Application.php(1009): Illuminate\\Console\\Command->run()
#25 C:\\MAMP\\htdocs\\tng_ecommerce\\vendor\\symfony\\console\\Application.php(273): Symfony\\Component\\Console\\Application->doRunCommand()
#26 C:\\MAMP\\htdocs\\tng_ecommerce\\vendor\\symfony\\console\\Application.php(149): Symfony\\Component\\Console\\Application->doRun()
#27 C:\\MAMP\\htdocs\\tng_ecommerce\\vendor\\laravel\\framework\\src\\Illuminate\\Console\\Application.php(93): Symfony\\Component\\Console\\Application->run()
#28 C:\\MAMP\\htdocs\\tng_ecommerce\\vendor\\laravel\\framework\\src\\Illuminate\\Foundation\\Console\\Kernel.php(131): Illuminate\\Console\\Application->run()
#29 C:\\MAMP\\htdocs\\tng_ecommerce\\artisan(37): Illuminate\\Foundation\\Console\\Kernel->handle()
#30 {main}
"} 
[2021-04-19 14:09:29] local.ERROR: SQLSTATE[42000]: Syntax error or access violation: 1075 Incorrect table definition; there can be only one auto column and it must be defined as a key (SQL: create table `items` (`id` bigint unsigned not null auto_increment primary key, `name` varchar(191) not null, `price` text not null, `comment` text not null, `stock` varchar(191) not null, `time_sale` varchar(191) not null, `user_id` bigint unsigned not null auto_increment primary key, `seller_id` bigint unsigned not null auto_increment primary key, `failed_at` timestamp default CURRENT_TIMESTAMP not null) default character set utf8mb4 collate 'utf8mb4_unicode_ci') {"exception":"[object] (Illuminate\\Database\\QueryException(code: 42000): SQLSTATE[42000]: Syntax error or access violation: 1075 Incorrect table definition; there can be only one auto column and it must be defined as a key (SQL: create table `items` (`id` bigint unsigned not null auto_increment primary key, `name` varchar(191) not null, `price` text not null, `comment` text not null, `stock` varchar(191) not null, `time_sale` varchar(191) not null, `user_id` bigint unsigned not null auto_increment primary key, `seller_id` bigint unsigned not null auto_increment primary key, `failed_at` timestamp default CURRENT_TIMESTAMP not null) default character set utf8mb4 collate 'utf8mb4_unicode_ci') at C:\\MAMP\\htdocs\\tng_ecommerce\\vendor\\laravel\\framework\\src\\Illuminate\\Database\\Connection.php:669)
[stacktrace]
#0 C:\\MAMP\\htdocs\\tng_ecommerce\\vendor\\laravel\\framework\\src\\Illuminate\\Database\\Connection.php(629): Illuminate\\Database\\Connection->runQueryCallback()
#1 C:\\MAMP\\htdocs\\tng_ecommerce\\vendor\\laravel\\framework\\src\\Illuminate\\Database\\Connection.php(464): Illuminate\\Database\\Connection->run()
#2 C:\\MAMP\\htdocs\\tng_ecommerce\\vendor\\laravel\\framework\\src\\Illuminate\\Database\\Schema\\Blueprint.php(97): Illuminate\\Database\\Connection->statement()
#3 C:\\MAMP\\htdocs\\tng_ecommerce\\vendor\\laravel\\framework\\src\\Illuminate\\Database\\Schema\\Builder.php(290): Illuminate\\Database\\Schema\\Blueprint->build()
#4 C:\\MAMP\\htdocs\\tng_ecommerce\\vendor\\laravel\\framework\\src\\Illuminate\\Database\\Schema\\Builder.php(167): Illuminate\\Database\\Schema\\Builder->build()
#5 C:\\MAMP\\htdocs\\tng_ecommerce\\vendor\\laravel\\framework\\src\\Illuminate\\Support\\Facades\\Facade.php(261): Illuminate\\Database\\Schema\\Builder->create()
#6 C:\\MAMP\\htdocs\\tng_ecommerce\\database\\migrations\\2019_08_19_000000_create_items_table.php(27): Illuminate\\Support\\Facades\\Facade::__callStatic()
#7 C:\\MAMP\\htdocs\\tng_ecommerce\\vendor\\laravel\\framework\\src\\Illuminate\\Database\\Migrations\\Migrator.php(392): CreateItemsTable->up()
#8 C:\\MAMP\\htdocs\\tng_ecommerce\\vendor\\laravel\\framework\\src\\Illuminate\\Database\\Migrations\\Migrator.php(401): Illuminate\\Database\\Migrations\\Migrator->Illuminate\\Database\\Migrations\\{closure}()
#9 C:\\MAMP\\htdocs\\tng_ecommerce\\vendor\\laravel\\framework\\src\\Illuminate\\Database\\Migrations\\Migrator.php(200): Illuminate\\Database\\Migrations\\Migrator->runMigration()
#10 C:\\MAMP\\htdocs\\tng_ecommerce\\vendor\\laravel\\framework\\src\\Illuminate\\Database\\Migrations\\Migrator.php(165): Illuminate\\Database\\Migrations\\Migrator->runUp()
#11 C:\\MAMP\\htdocs\\tng_ecommerce\\vendor\\laravel\\framework\\src\\Illuminate\\Database\\Migrations\\Migrator.php(110): Illuminate\\Database\\Migrations\\Migrator->runPending()
#12 C:\\MAMP\\htdocs\\tng_ecommerce\\vendor\\laravel\\framework\\src\\Illuminate\\Database\\Console\\Migrations\\MigrateCommand.php(71): Illuminate\\Database\\Migrations\\Migrator->run()
#13 [internal function]: Illuminate\\Database\\Console\\Migrations\\MigrateCommand->handle()
#14 C:\\MAMP\\htdocs\\tng_ecommerce\\vendor\\laravel\\framework\\src\\Illuminate\\Container\\BoundMethod.php(32): call_user_func_array()
#15 C:\\MAMP\\htdocs\\tng_ecommerce\\vendor\\laravel\\framework\\src\\Illuminate\\Container\\Util.php(37): Illuminate\\Container\\BoundMethod::Illuminate\\Container\\{closure}()
#16 C:\\MAMP\\htdocs\\tng_ecommerce\\vendor\\laravel\\framework\\src\\Illuminate\\Container\\BoundMethod.php(90): Illuminate\\Container\\Util::unwrapIfClosure()
#17 C:\\MAMP\\htdocs\\tng_ecommerce\\vendor\\laravel\\framework\\src\\Illuminate\\Container\\BoundMethod.php(34): Illuminate\\Container\\BoundMethod::callBoundMethod()
#18 C:\\MAMP\\htdocs\\tng_ecommerce\\vendor\\laravel\\framework\\src\\Illuminate\\Container\\Container.php(590): Illuminate\\Container\\BoundMethod::call()
#19 C:\\MAMP\\htdocs\\tng_ecommerce\\vendor\\laravel\\framework\\src\\Illuminate\\Console\\Command.php(134): Illuminate\\Container\\Container->call()
#20 C:\\MAMP\\htdocs\\tng_ecommerce\\vendor\\symfony\\console\\Command\\Command.php(255): Illuminate\\Console\\Command->execute()
#21 C:\\MAMP\\htdocs\\tng_ecommerce\\vendor\\laravel\\framework\\src\\Illuminate\\Console\\Command.php(121): Symfony\\Component\\Console\\Command\\Command->run()
#22 C:\\MAMP\\htdocs\\tng_ecommerce\\vendor\\symfony\\console\\Application.php(1009): Illuminate\\Console\\Command->run()
#23 C:\\MAMP\\htdocs\\tng_ecommerce\\vendor\\symfony\\console\\Application.php(273): Symfony\\Component\\Console\\Application->doRunCommand()
#24 C:\\MAMP\\htdocs\\tng_ecommerce\\vendor\\symfony\\console\\Application.php(149): Symfony\\Component\\Console\\Application->doRun()
#25 C:\\MAMP\\htdocs\\tng_ecommerce\\vendor\\laravel\\framework\\src\\Illuminate\\Console\\Application.php(93): Symfony\\Component\\Console\\Application->run()
#26 C:\\MAMP\\htdocs\\tng_ecommerce\\vendor\\laravel\\framework\\src\\Illuminate\\Foundation\\Console\\Kernel.php(131): Illuminate\\Console\\Application->run()
#27 C:\\MAMP\\htdocs\\tng_ecommerce\\artisan(37): Illuminate\\Foundation\\Console\\Kernel->handle()
#28 {main}

[previous exception] [object] (PDOException(code: 42000): SQLSTATE[42000]: Syntax error or access violation: 1075 Incorrect table definition; there can be only one auto column and it must be defined as a key at C:\\MAMP\\htdocs\\tng_ecommerce\\vendor\\laravel\\framework\\src\\Illuminate\\Database\\Connection.php:463)
[stacktrace]
#0 C:\\MAMP\\htdocs\\tng_ecommerce\\vendor\\laravel\\framework\\src\\Illuminate\\Database\\Connection.php(463): PDOStatement->execute()
#1 C:\\MAMP\\htdocs\\tng_ecommerce\\vendor\\laravel\\framework\\src\\Illuminate\\Database\\Connection.php(662): Illuminate\\Database\\Connection->Illuminate\\Database\\{closure}()
#2 C:\\MAMP\\htdocs\\tng_ecommerce\\vendor\\laravel\\framework\\src\\Illuminate\\Database\\Connection.php(629): Illuminate\\Database\\Connection->runQueryCallback()
#3 C:\\MAMP\\htdocs\\tng_ecommerce\\vendor\\laravel\\framework\\src\\Illuminate\\Database\\Connection.php(464): Illuminate\\Database\\Connection->run()
#4 C:\\MAMP\\htdocs\\tng_ecommerce\\vendor\\laravel\\framework\\src\\Illuminate\\Database\\Schema\\Blueprint.php(97): Illuminate\\Database\\Connection->statement()
#5 C:\\MAMP\\htdocs\\tng_ecommerce\\vendor\\laravel\\framework\\src\\Illuminate\\Database\\Schema\\Builder.php(290): Illuminate\\Database\\Schema\\Blueprint->build()
#6 C:\\MAMP\\htdocs\\tng_ecommerce\\vendor\\laravel\\framework\\src\\Illuminate\\Database\\Schema\\Builder.php(167): Illuminate\\Database\\Schema\\Builder->build()
#7 C:\\MAMP\\htdocs\\tng_ecommerce\\vendor\\laravel\\framework\\src\\Illuminate\\Support\\Facades\\Facade.php(261): Illuminate\\Database\\Schema\\Builder->create()
#8 C:\\MAMP\\htdocs\\tng_ecommerce\\database\\migrations\\2019_08_19_000000_create_items_table.php(27): Illuminate\\Support\\Facades\\Facade::__callStatic()
#9 C:\\MAMP\\htdocs\\tng_ecommerce\\vendor\\laravel\\framework\\src\\Illuminate\\Database\\Migrations\\Migrator.php(392): CreateItemsTable->up()
#10 C:\\MAMP\\htdocs\\tng_ecommerce\\vendor\\laravel\\framework\\src\\Illuminate\\Database\\Migrations\\Migrator.php(401): Illuminate\\Database\\Migrations\\Migrator->Illuminate\\Database\\Migrations\\{closure}()
#11 C:\\MAMP\\htdocs\\tng_ecommerce\\vendor\\laravel\\framework\\src\\Illuminate\\Database\\Migrations\\Migrator.php(200): Illuminate\\Database\\Migrations\\Migrator->runMigration()
#12 C:\\MAMP\\htdocs\\tng_ecommerce\\vendor\\laravel\\framework\\src\\Illuminate\\Database\\Migrations\\Migrator.php(165): Illuminate\\Database\\Migrations\\Migrator->runUp()
#13 C:\\MAMP\\htdocs\\tng_ecommerce\\vendor\\laravel\\framework\\src\\Illuminate\\Database\\Migrations\\Migrator.php(110): Illuminate\\Database\\Migrations\\Migrator->runPending()
#14 C:\\MAMP\\htdocs\\tng_ecommerce\\vendor\\laravel\\framework\\src\\Illuminate\\Database\\Console\\Migrations\\MigrateCommand.php(71): Illuminate\\Database\\Migrations\\Migrator->run()
#15 [internal function]: Illuminate\\Database\\Console\\Migrations\\MigrateCommand->handle()
#16 C:\\MAMP\\htdocs\\tng_ecommerce\\vendor\\laravel\\framework\\src\\Illuminate\\Container\\BoundMethod.php(32): call_user_func_array()
#17 C:\\MAMP\\htdocs\\tng_ecommerce\\vendor\\laravel\\framework\\src\\Illuminate\\Container\\Util.php(37): Illuminate\\Container\\BoundMethod::Illuminate\\Container\\{closure}()
#18 C:\\MAMP\\htdocs\\tng_ecommerce\\vendor\\laravel\\framework\\src\\Illuminate\\Container\\BoundMethod.php(90): Illuminate\\Container\\Util::unwrapIfClosure()
#19 C:\\MAMP\\htdocs\\tng_ecommerce\\vendor\\laravel\\framework\\src\\Illuminate\\Container\\BoundMethod.php(34): Illuminate\\Container\\BoundMethod::callBoundMethod()
#20 C:\\MAMP\\htdocs\\tng_ecommerce\\vendor\\laravel\\framework\\src\\Illuminate\\Container\\Container.php(590): Illuminate\\Container\\BoundMethod::call()
#21 C:\\MAMP\\htdocs\\tng_ecommerce\\vendor\\laravel\\framework\\src\\Illuminate\\Console\\Command.php(134): Illuminate\\Container\\Container->call()
#22 C:\\MAMP\\htdocs\\tng_ecommerce\\vendor\\symfony\\console\\Command\\Command.php(255): Illuminate\\Console\\Command->execute()
#23 C:\\MAMP\\htdocs\\tng_ecommerce\\vendor\\laravel\\framework\\src\\Illuminate\\Console\\Command.php(121): Symfony\\Component\\Console\\Command\\Command->run()
#24 C:\\MAMP\\htdocs\\tng_ecommerce\\vendor\\symfony\\console\\Application.php(1009): Illuminate\\Console\\Command->run()
#25 C:\\MAMP\\htdocs\\tng_ecommerce\\vendor\\symfony\\console\\Application.php(273): Symfony\\Component\\Console\\Application->doRunCommand()
#26 C:\\MAMP\\htdocs\\tng_ecommerce\\vendor\\symfony\\console\\Application.php(149): Symfony\\Component\\Console\\Application->doRun()
#27 C:\\MAMP\\htdocs\\tng_ecommerce\\vendor\\laravel\\framework\\src\\Illuminate\\Console\\Application.php(93): Symfony\\Component\\Console\\Application->run()
#28 C:\\MAMP\\htdocs\\tng_ecommerce\\vendor\\laravel\\framework\\src\\Illuminate\\Foundation\\Console\\Kernel.php(131): Illuminate\\Console\\Application->run()
#29 C:\\MAMP\\htdocs\\tng_ecommerce\\artisan(37): Illuminate\\Foundation\\Console\\Kernel->handle()
#30 {main}
"} 
