[2021-06-07 23:06:16] local.ERROR: A CreateAdminsTable class already exists. {"exception":"[object] (InvalidArgumentException(code: 0): A CreateAdminsTable class already exists. at /Applications/MAMP/htdocs/tng_ecommerce/vendor/laravel/framework/src/Illuminate/Database/Migrations/MigrationCreator.php:90)
[stacktrace]
#0 /Applications/MAMP/htdocs/tng_ecommerce/vendor/laravel/framework/src/Illuminate/Database/Migrations/MigrationCreator.php(50): Illuminate\\Database\\Migrations\\MigrationCreator->ensureMigrationDoesntAlreadyExist('create_admins_t...', '/Applications/M...')
#1 /Applications/MAMP/htdocs/tng_ecommerce/vendor/laravel/framework/src/Illuminate/Database/Console/Migrations/MigrateMakeCommand.php(110): Illuminate\\Database\\Migrations\\MigrationCreator->create('create_admins_t...', '/Applications/M...', 'admins', true)
#2 /Applications/MAMP/htdocs/tng_ecommerce/vendor/laravel/framework/src/Illuminate/Database/Console/Migrations/MigrateMakeCommand.php(94): Illuminate\\Database\\Console\\Migrations\\MigrateMakeCommand->writeMigration('create_admins_t...', 'admins', true)
#3 [internal function]: Illuminate\\Database\\Console\\Migrations\\MigrateMakeCommand->handle()
#4 /Applications/MAMP/htdocs/tng_ecommerce/vendor/laravel/framework/src/Illuminate/Container/BoundMethod.php(32): call_user_func_array(Array, Array)
#5 /Applications/MAMP/htdocs/tng_ecommerce/vendor/laravel/framework/src/Illuminate/Container/Util.php(37): Illuminate\\Container\\BoundMethod::Illuminate\\Container\\{closure}()
#6 /Applications/MAMP/htdocs/tng_ecommerce/vendor/laravel/framework/src/Illuminate/Container/BoundMethod.php(90): Illuminate\\Container\\Util::unwrapIfClosure(Object(Closure))
#7 /Applications/MAMP/htdocs/tng_ecommerce/vendor/laravel/framework/src/Illuminate/Container/BoundMethod.php(34): Illuminate\\Container\\BoundMethod::callBoundMethod(Object(Illuminate\\Foundation\\Application), Array, Object(Closure))
#8 /Applications/MAMP/htdocs/tng_ecommerce/vendor/laravel/framework/src/Illuminate/Container/Container.php(590): Illuminate\\Container\\BoundMethod::call(Object(Illuminate\\Foundation\\Application), Array, Array, NULL)
#9 /Applications/MAMP/htdocs/tng_ecommerce/vendor/laravel/framework/src/Illuminate/Console/Command.php(134): Illuminate\\Container\\Container->call(Array)
#10 /Applications/MAMP/htdocs/tng_ecommerce/vendor/symfony/console/Command/Command.php(255): Illuminate\\Console\\Command->execute(Object(Symfony\\Component\\Console\\Input\\ArrayInput), Object(Illuminate\\Console\\OutputStyle))
#11 /Applications/MAMP/htdocs/tng_ecommerce/vendor/laravel/framework/src/Illuminate/Console/Command.php(121): Symfony\\Component\\Console\\Command\\Command->run(Object(Symfony\\Component\\Console\\Input\\ArrayInput), Object(Illuminate\\Console\\OutputStyle))
#12 /Applications/MAMP/htdocs/tng_ecommerce/vendor/laravel/framework/src/Illuminate/Console/Concerns/CallsCommands.php(56): Illuminate\\Console\\Command->run(Object(Symfony\\Component\\Console\\Input\\ArrayInput), Object(Illuminate\\Console\\OutputStyle))
#13 /Applications/MAMP/htdocs/tng_ecommerce/vendor/laravel/framework/src/Illuminate/Console/Concerns/CallsCommands.php(28): Illuminate\\Console\\Command->runCommand('make:migration', Array, Object(Illuminate\\Console\\OutputStyle))
#14 /Applications/MAMP/htdocs/tng_ecommerce/vendor/laravel/framework/src/Illuminate/Foundation/Console/ModelMakeCommand.php(98): Illuminate\\Console\\Command->call('make:migration', Array)
#15 /Applications/MAMP/htdocs/tng_ecommerce/vendor/laravel/framework/src/Illuminate/Foundation/Console/ModelMakeCommand.php(56): Illuminate\\Foundation\\Console\\ModelMakeCommand->createMigration()
#16 [internal function]: Illuminate\\Foundation\\Console\\ModelMakeCommand->handle()
#17 /Applications/MAMP/htdocs/tng_ecommerce/vendor/laravel/framework/src/Illuminate/Container/BoundMethod.php(32): call_user_func_array(Array, Array)
#18 /Applications/MAMP/htdocs/tng_ecommerce/vendor/laravel/framework/src/Illuminate/Container/Util.php(37): Illuminate\\Container\\BoundMethod::Illuminate\\Container\\{closure}()
#19 /Applications/MAMP/htdocs/tng_ecommerce/vendor/laravel/framework/src/Illuminate/Container/BoundMethod.php(90): Illuminate\\Container\\Util::unwrapIfClosure(Object(Closure))
#20 /Applications/MAMP/htdocs/tng_ecommerce/vendor/laravel/framework/src/Illuminate/Container/BoundMethod.php(34): Illuminate\\Container\\BoundMethod::callBoundMethod(Object(Illuminate\\Foundation\\Application), Array, Object(Closure))
#21 /Applications/MAMP/htdocs/tng_ecommerce/vendor/laravel/framework/src/Illuminate/Container/Container.php(590): Illuminate\\Container\\BoundMethod::call(Object(Illuminate\\Foundation\\Application), Array, Array, NULL)
#22 /Applications/MAMP/htdocs/tng_ecommerce/vendor/laravel/framework/src/Illuminate/Console/Command.php(134): Illuminate\\Container\\Container->call(Array)
#23 /Applications/MAMP/htdocs/tng_ecommerce/vendor/symfony/console/Command/Command.php(255): Illuminate\\Console\\Command->execute(Object(Symfony\\Component\\Console\\Input\\ArgvInput), Object(Illuminate\\Console\\OutputStyle))
#24 /Applications/MAMP/htdocs/tng_ecommerce/vendor/laravel/framework/src/Illuminate/Console/Command.php(121): Symfony\\Component\\Console\\Command\\Command->run(Object(Symfony\\Component\\Console\\Input\\ArgvInput), Object(Illuminate\\Console\\OutputStyle))
#25 /Applications/MAMP/htdocs/tng_ecommerce/vendor/symfony/console/Application.php(1009): Illuminate\\Console\\Command->run(Object(Symfony\\Component\\Console\\Input\\ArgvInput), Object(Symfony\\Component\\Console\\Output\\ConsoleOutput))
#26 /Applications/MAMP/htdocs/tng_ecommerce/vendor/symfony/console/Application.php(273): Symfony\\Component\\Console\\Application->doRunCommand(Object(Illuminate\\Foundation\\Console\\ModelMakeCommand), Object(Symfony\\Component\\Console\\Input\\ArgvInput), Object(Symfony\\Component\\Console\\Output\\ConsoleOutput))
#27 /Applications/MAMP/htdocs/tng_ecommerce/vendor/symfony/console/Application.php(149): Symfony\\Component\\Console\\Application->doRun(Object(Symfony\\Component\\Console\\Input\\ArgvInput), Object(Symfony\\Component\\Console\\Output\\ConsoleOutput))
#28 /Applications/MAMP/htdocs/tng_ecommerce/vendor/laravel/framework/src/Illuminate/Console/Application.php(93): Symfony\\Component\\Console\\Application->run(Object(Symfony\\Component\\Console\\Input\\ArgvInput), Object(Symfony\\Component\\Console\\Output\\ConsoleOutput))
#29 /Applications/MAMP/htdocs/tng_ecommerce/vendor/laravel/framework/src/Illuminate/Foundation/Console/Kernel.php(131): Illuminate\\Console\\Application->run(Object(Symfony\\Component\\Console\\Input\\ArgvInput), Object(Symfony\\Component\\Console\\Output\\ConsoleOutput))
#30 /Applications/MAMP/htdocs/tng_ecommerce/artisan(37): Illuminate\\Foundation\\Console\\Kernel->handle(Object(Symfony\\Component\\Console\\Input\\ArgvInput), Object(Symfony\\Component\\Console\\Output\\ConsoleOutput))
#31 {main}
"} 
[2021-06-07 23:30:52] local.ERROR: The "--resouce" option does not exist. {"exception":"[object] (Symfony\\Component\\Console\\Exception\\RuntimeException(code: 0): The \"--resouce\" option does not exist. at /Applications/MAMP/htdocs/tng_ecommerce/vendor/symfony/console/Input/ArgvInput.php:201)
[stacktrace]
#0 /Applications/MAMP/htdocs/tng_ecommerce/vendor/symfony/console/Input/ArgvInput.php(145): Symfony\\Component\\Console\\Input\\ArgvInput->addLongOption('resouce', NULL)
#1 /Applications/MAMP/htdocs/tng_ecommerce/vendor/symfony/console/Input/ArgvInput.php(79): Symfony\\Component\\Console\\Input\\ArgvInput->parseLongOption('--resouce')
#2 /Applications/MAMP/htdocs/tng_ecommerce/vendor/symfony/console/Input/Input.php(55): Symfony\\Component\\Console\\Input\\ArgvInput->parse()
#3 /Applications/MAMP/htdocs/tng_ecommerce/vendor/symfony/console/Command/Command.php(214): Symfony\\Component\\Console\\Input\\Input->bind(Object(Symfony\\Component\\Console\\Input\\InputDefinition))
#4 /Applications/MAMP/htdocs/tng_ecommerce/vendor/laravel/framework/src/Illuminate/Console/Command.php(121): Symfony\\Component\\Console\\Command\\Command->run(Object(Symfony\\Component\\Console\\Input\\ArgvInput), Object(Illuminate\\Console\\OutputStyle))
#5 /Applications/MAMP/htdocs/tng_ecommerce/vendor/symfony/console/Application.php(1009): Illuminate\\Console\\Command->run(Object(Symfony\\Component\\Console\\Input\\ArgvInput), Object(Symfony\\Component\\Console\\Output\\ConsoleOutput))
#6 /Applications/MAMP/htdocs/tng_ecommerce/vendor/symfony/console/Application.php(273): Symfony\\Component\\Console\\Application->doRunCommand(Object(Illuminate\\Routing\\Console\\ControllerMakeCommand), Object(Symfony\\Component\\Console\\Input\\ArgvInput), Object(Symfony\\Component\\Console\\Output\\ConsoleOutput))
#7 /Applications/MAMP/htdocs/tng_ecommerce/vendor/symfony/console/Application.php(149): Symfony\\Component\\Console\\Application->doRun(Object(Symfony\\Component\\Console\\Input\\ArgvInput), Object(Symfony\\Component\\Console\\Output\\ConsoleOutput))
#8 /Applications/MAMP/htdocs/tng_ecommerce/vendor/laravel/framework/src/Illuminate/Console/Application.php(93): Symfony\\Component\\Console\\Application->run(Object(Symfony\\Component\\Console\\Input\\ArgvInput), Object(Symfony\\Component\\Console\\Output\\ConsoleOutput))
#9 /Applications/MAMP/htdocs/tng_ecommerce/vendor/laravel/framework/src/Illuminate/Foundation/Console/Kernel.php(131): Illuminate\\Console\\Application->run(Object(Symfony\\Component\\Console\\Input\\ArgvInput), Object(Symfony\\Component\\Console\\Output\\ConsoleOutput))
#10 /Applications/MAMP/htdocs/tng_ecommerce/artisan(37): Illuminate\\Foundation\\Console\\Kernel->handle(Object(Symfony\\Component\\Console\\Input\\ArgvInput), Object(Symfony\\Component\\Console\\Output\\ConsoleOutput))
#11 {main}
"} 
[2021-06-07 23:52:05] local.ERROR: Attribute [middlware] does not exist. {"exception":"[object] (InvalidArgumentException(code: 0): Attribute [middlware] does not exist. at /Applications/MAMP/htdocs/tng_ecommerce/vendor/laravel/framework/src/Illuminate/Routing/RouteRegistrar.php:92)
[stacktrace]
#0 /Applications/MAMP/htdocs/tng_ecommerce/vendor/laravel/framework/src/Illuminate/Routing/Router.php(1293): Illuminate\\Routing\\RouteRegistrar->attribute('middlware', 'auth:user')
#1 /Applications/MAMP/htdocs/tng_ecommerce/vendor/laravel/framework/src/Illuminate/Support/Facades/Facade.php(261): Illuminate\\Routing\\Router->__call('middlware', Array)
#2 /Applications/MAMP/htdocs/tng_ecommerce/routes/web.php(28): Illuminate\\Support\\Facades\\Facade::__callStatic('middlware', Array)
#3 /Applications/MAMP/htdocs/tng_ecommerce/vendor/laravel/framework/src/Illuminate/Routing/Router.php(414): Illuminate\\Routing\\RouteFileRegistrar->{closure}(Object(Illuminate\\Routing\\Router))
#4 /Applications/MAMP/htdocs/tng_ecommerce/vendor/laravel/framework/src/Illuminate/Routing/Router.php(374): Illuminate\\Routing\\Router->loadRoutes(Object(Closure))
#5 /Applications/MAMP/htdocs/tng_ecommerce/vendor/laravel/framework/src/Illuminate/Routing/RouteRegistrar.php(121): Illuminate\\Routing\\Router->group(Array, Object(Closure))
#6 /Applications/MAMP/htdocs/tng_ecommerce/routes/web.php(31): Illuminate\\Routing\\RouteRegistrar->group(Object(Closure))
#7 /Applications/MAMP/htdocs/tng_ecommerce/vendor/laravel/framework/src/Illuminate/Routing/RouteFileRegistrar.php(35): require('/Applications/M...')
#8 /Applications/MAMP/htdocs/tng_ecommerce/vendor/laravel/framework/src/Illuminate/Routing/Router.php(416): Illuminate\\Routing\\RouteFileRegistrar->register('/Applications/M...')
#9 /Applications/MAMP/htdocs/tng_ecommerce/vendor/laravel/framework/src/Illuminate/Routing/Router.php(374): Illuminate\\Routing\\Router->loadRoutes('/Applications/M...')
#10 /Applications/MAMP/htdocs/tng_ecommerce/vendor/laravel/framework/src/Illuminate/Routing/RouteRegistrar.php(121): Illuminate\\Routing\\Router->group(Array, '/Applications/M...')
#11 /Applications/MAMP/htdocs/tng_ecommerce/app/Providers/RouteServiceProvider.php(56): Illuminate\\Routing\\RouteRegistrar->group('/Applications/M...')
#12 /Applications/MAMP/htdocs/tng_ecommerce/app/Providers/RouteServiceProvider.php(40): App\\Providers\\RouteServiceProvider->mapWebRoutes()
#13 [internal function]: App\\Providers\\RouteServiceProvider->map()
#14 /Applications/MAMP/htdocs/tng_ecommerce/vendor/laravel/framework/src/Illuminate/Container/BoundMethod.php(32): call_user_func_array(Array, Array)
#15 /Applications/MAMP/htdocs/tng_ecommerce/vendor/laravel/framework/src/Illuminate/Container/Util.php(37): Illuminate\\Container\\BoundMethod::Illuminate\\Container\\{closure}()
#16 /Applications/MAMP/htdocs/tng_ecommerce/vendor/laravel/framework/src/Illuminate/Container/BoundMethod.php(90): Illuminate\\Container\\Util::unwrapIfClosure(Object(Closure))
#17 /Applications/MAMP/htdocs/tng_ecommerce/vendor/laravel/framework/src/Illuminate/Container/BoundMethod.php(34): Illuminate\\Container\\BoundMethod::callBoundMethod(Object(Illuminate\\Foundation\\Application), Array, Object(Closure))
#18 /Applications/MAMP/htdocs/tng_ecommerce/vendor/laravel/framework/src/Illuminate/Container/Container.php(590): Illuminate\\Container\\BoundMethod::call(Object(Illuminate\\Foundation\\Application), Array, Array, NULL)
#19 /Applications/MAMP/htdocs/tng_ecommerce/vendor/laravel/framework/src/Illuminate/Foundation/Support/Providers/RouteServiceProvider.php(87): Illuminate\\Container\\Container->call(Array)
#20 /Applications/MAMP/htdocs/tng_ecommerce/vendor/laravel/framework/src/Illuminate/Foundation/Support/Providers/RouteServiceProvider.php(36): Illuminate\\Foundation\\Support\\Providers\\RouteServiceProvider->loadRoutes()
#21 /Applications/MAMP/htdocs/tng_ecommerce/app/Providers/RouteServiceProvider.php(28): Illuminate\\Foundation\\Support\\Providers\\RouteServiceProvider->boot()
#22 [internal function]: App\\Providers\\RouteServiceProvider->boot()
#23 /Applications/MAMP/htdocs/tng_ecommerce/vendor/laravel/framework/src/Illuminate/Container/BoundMethod.php(32): call_user_func_array(Array, Array)
#24 /Applications/MAMP/htdocs/tng_ecommerce/vendor/laravel/framework/src/Illuminate/Container/Util.php(37): Illuminate\\Container\\BoundMethod::Illuminate\\Container\\{closure}()
#25 /Applications/MAMP/htdocs/tng_ecommerce/vendor/laravel/framework/src/Illuminate/Container/BoundMethod.php(90): Illuminate\\Container\\Util::unwrapIfClosure(Object(Closure))
#26 /Applications/MAMP/htdocs/tng_ecommerce/vendor/laravel/framework/src/Illuminate/Container/BoundMethod.php(34): Illuminate\\Container\\BoundMethod::callBoundMethod(Object(Illuminate\\Foundation\\Application), Array, Object(Closure))
#27 /Applications/MAMP/htdocs/tng_ecommerce/vendor/laravel/framework/src/Illuminate/Container/Container.php(590): Illuminate\\Container\\BoundMethod::call(Object(Illuminate\\Foundation\\Application), Array, Array, NULL)
#28 /Applications/MAMP/htdocs/tng_ecommerce/vendor/laravel/framework/src/Illuminate/Foundation/Application.php(856): Illuminate\\Container\\Container->call(Array)
#29 /Applications/MAMP/htdocs/tng_ecommerce/vendor/laravel/framework/src/Illuminate/Foundation/Application.php(839): Illuminate\\Foundation\\Application->bootProvider(Object(App\\Providers\\RouteServiceProvider))
#30 [internal function]: Illuminate\\Foundation\\Application->Illuminate\\Foundation\\{closure}(Object(App\\Providers\\RouteServiceProvider), 21)
#31 /Applications/MAMP/htdocs/tng_ecommerce/vendor/laravel/framework/src/Illuminate/Foundation/Application.php(840): array_walk(Array, Object(Closure))
#32 /Applications/MAMP/htdocs/tng_ecommerce/vendor/laravel/framework/src/Illuminate/Foundation/Bootstrap/BootProviders.php(17): Illuminate\\Foundation\\Application->boot()
#33 /Applications/MAMP/htdocs/tng_ecommerce/vendor/laravel/framework/src/Illuminate/Foundation/Application.php(219): Illuminate\\Foundation\\Bootstrap\\BootProviders->bootstrap(Object(Illuminate\\Foundation\\Application))
#34 /Applications/MAMP/htdocs/tng_ecommerce/vendor/laravel/framework/src/Illuminate/Foundation/Console/Kernel.php(320): Illuminate\\Foundation\\Application->bootstrapWith(Array)
#35 /Applications/MAMP/htdocs/tng_ecommerce/vendor/laravel/framework/src/Illuminate/Foundation/Console/Kernel.php(129): Illuminate\\Foundation\\Console\\Kernel->bootstrap()
#36 /Applications/MAMP/htdocs/tng_ecommerce/artisan(37): Illuminate\\Foundation\\Console\\Kernel->handle(Object(Symfony\\Component\\Console\\Input\\ArgvInput), Object(Symfony\\Component\\Console\\Output\\ConsoleOutput))
#37 {main}
"} 
[2021-06-07 23:52:20] local.ERROR: Attribute [middlware] does not exist. {"exception":"[object] (InvalidArgumentException(code: 0): Attribute [middlware] does not exist. at /Applications/MAMP/htdocs/tng_ecommerce/vendor/laravel/framework/src/Illuminate/Routing/RouteRegistrar.php:92)
[stacktrace]
#0 /Applications/MAMP/htdocs/tng_ecommerce/vendor/laravel/framework/src/Illuminate/Routing/Router.php(1293): Illuminate\\Routing\\RouteRegistrar->attribute('middlware', 'auth:user')
#1 /Applications/MAMP/htdocs/tng_ecommerce/vendor/laravel/framework/src/Illuminate/Support/Facades/Facade.php(261): Illuminate\\Routing\\Router->__call('middlware', Array)
#2 /Applications/MAMP/htdocs/tng_ecommerce/routes/web.php(28): Illuminate\\Support\\Facades\\Facade::__callStatic('middlware', Array)
#3 /Applications/MAMP/htdocs/tng_ecommerce/vendor/laravel/framework/src/Illuminate/Routing/Router.php(414): Illuminate\\Routing\\RouteFileRegistrar->{closure}(Object(Illuminate\\Routing\\Router))
#4 /Applications/MAMP/htdocs/tng_ecommerce/vendor/laravel/framework/src/Illuminate/Routing/Router.php(374): Illuminate\\Routing\\Router->loadRoutes(Object(Closure))
#5 /Applications/MAMP/htdocs/tng_ecommerce/vendor/laravel/framework/src/Illuminate/Routing/RouteRegistrar.php(121): Illuminate\\Routing\\Router->group(Array, Object(Closure))
#6 /Applications/MAMP/htdocs/tng_ecommerce/routes/web.php(31): Illuminate\\Routing\\RouteRegistrar->group(Object(Closure))
#7 /Applications/MAMP/htdocs/tng_ecommerce/vendor/laravel/framework/src/Illuminate/Routing/RouteFileRegistrar.php(35): require('/Applications/M...')
#8 /Applications/MAMP/htdocs/tng_ecommerce/vendor/laravel/framework/src/Illuminate/Routing/Router.php(416): Illuminate\\Routing\\RouteFileRegistrar->register('/Applications/M...')
#9 /Applications/MAMP/htdocs/tng_ecommerce/vendor/laravel/framework/src/Illuminate/Routing/Router.php(374): Illuminate\\Routing\\Router->loadRoutes('/Applications/M...')
#10 /Applications/MAMP/htdocs/tng_ecommerce/vendor/laravel/framework/src/Illuminate/Routing/RouteRegistrar.php(121): Illuminate\\Routing\\Router->group(Array, '/Applications/M...')
#11 /Applications/MAMP/htdocs/tng_ecommerce/app/Providers/RouteServiceProvider.php(56): Illuminate\\Routing\\RouteRegistrar->group('/Applications/M...')
#12 /Applications/MAMP/htdocs/tng_ecommerce/app/Providers/RouteServiceProvider.php(40): App\\Providers\\RouteServiceProvider->mapWebRoutes()
#13 [internal function]: App\\Providers\\RouteServiceProvider->map()
#14 /Applications/MAMP/htdocs/tng_ecommerce/vendor/laravel/framework/src/Illuminate/Container/BoundMethod.php(32): call_user_func_array(Array, Array)
#15 /Applications/MAMP/htdocs/tng_ecommerce/vendor/laravel/framework/src/Illuminate/Container/Util.php(37): Illuminate\\Container\\BoundMethod::Illuminate\\Container\\{closure}()
#16 /Applications/MAMP/htdocs/tng_ecommerce/vendor/laravel/framework/src/Illuminate/Container/BoundMethod.php(90): Illuminate\\Container\\Util::unwrapIfClosure(Object(Closure))
#17 /Applications/MAMP/htdocs/tng_ecommerce/vendor/laravel/framework/src/Illuminate/Container/BoundMethod.php(34): Illuminate\\Container\\BoundMethod::callBoundMethod(Object(Illuminate\\Foundation\\Application), Array, Object(Closure))
#18 /Applications/MAMP/htdocs/tng_ecommerce/vendor/laravel/framework/src/Illuminate/Container/Container.php(590): Illuminate\\Container\\BoundMethod::call(Object(Illuminate\\Foundation\\Application), Array, Array, NULL)
#19 /Applications/MAMP/htdocs/tng_ecommerce/vendor/laravel/framework/src/Illuminate/Foundation/Support/Providers/RouteServiceProvider.php(87): Illuminate\\Container\\Container->call(Array)
#20 /Applications/MAMP/htdocs/tng_ecommerce/vendor/laravel/framework/src/Illuminate/Foundation/Support/Providers/RouteServiceProvider.php(36): Illuminate\\Foundation\\Support\\Providers\\RouteServiceProvider->loadRoutes()
#21 /Applications/MAMP/htdocs/tng_ecommerce/app/Providers/RouteServiceProvider.php(28): Illuminate\\Foundation\\Support\\Providers\\RouteServiceProvider->boot()
#22 [internal function]: App\\Providers\\RouteServiceProvider->boot()
#23 /Applications/MAMP/htdocs/tng_ecommerce/vendor/laravel/framework/src/Illuminate/Container/BoundMethod.php(32): call_user_func_array(Array, Array)
#24 /Applications/MAMP/htdocs/tng_ecommerce/vendor/laravel/framework/src/Illuminate/Container/Util.php(37): Illuminate\\Container\\BoundMethod::Illuminate\\Container\\{closure}()
#25 /Applications/MAMP/htdocs/tng_ecommerce/vendor/laravel/framework/src/Illuminate/Container/BoundMethod.php(90): Illuminate\\Container\\Util::unwrapIfClosure(Object(Closure))
#26 /Applications/MAMP/htdocs/tng_ecommerce/vendor/laravel/framework/src/Illuminate/Container/BoundMethod.php(34): Illuminate\\Container\\BoundMethod::callBoundMethod(Object(Illuminate\\Foundation\\Application), Array, Object(Closure))
#27 /Applications/MAMP/htdocs/tng_ecommerce/vendor/laravel/framework/src/Illuminate/Container/Container.php(590): Illuminate\\Container\\BoundMethod::call(Object(Illuminate\\Foundation\\Application), Array, Array, NULL)
#28 /Applications/MAMP/htdocs/tng_ecommerce/vendor/laravel/framework/src/Illuminate/Foundation/Application.php(856): Illuminate\\Container\\Container->call(Array)
#29 /Applications/MAMP/htdocs/tng_ecommerce/vendor/laravel/framework/src/Illuminate/Foundation/Application.php(839): Illuminate\\Foundation\\Application->bootProvider(Object(App\\Providers\\RouteServiceProvider))
#30 [internal function]: Illuminate\\Foundation\\Application->Illuminate\\Foundation\\{closure}(Object(App\\Providers\\RouteServiceProvider), 21)
#31 /Applications/MAMP/htdocs/tng_ecommerce/vendor/laravel/framework/src/Illuminate/Foundation/Application.php(840): array_walk(Array, Object(Closure))
#32 /Applications/MAMP/htdocs/tng_ecommerce/vendor/laravel/framework/src/Illuminate/Foundation/Bootstrap/BootProviders.php(17): Illuminate\\Foundation\\Application->boot()
#33 /Applications/MAMP/htdocs/tng_ecommerce/vendor/laravel/framework/src/Illuminate/Foundation/Application.php(219): Illuminate\\Foundation\\Bootstrap\\BootProviders->bootstrap(Object(Illuminate\\Foundation\\Application))
#34 /Applications/MAMP/htdocs/tng_ecommerce/vendor/laravel/framework/src/Illuminate/Foundation/Console/Kernel.php(320): Illuminate\\Foundation\\Application->bootstrapWith(Array)
#35 /Applications/MAMP/htdocs/tng_ecommerce/vendor/laravel/framework/src/Illuminate/Foundation/Console/Kernel.php(129): Illuminate\\Foundation\\Console\\Kernel->bootstrap()
#36 /Applications/MAMP/htdocs/tng_ecommerce/artisan(37): Illuminate\\Foundation\\Console\\Kernel->handle(Object(Symfony\\Component\\Console\\Input\\ArgvInput), Object(Symfony\\Component\\Console\\Output\\ConsoleOutput))
#37 {main}
"} 
[2021-06-07 23:52:28] local.ERROR: Attribute [middlware] does not exist. {"exception":"[object] (InvalidArgumentException(code: 0): Attribute [middlware] does not exist. at /Applications/MAMP/htdocs/tng_ecommerce/vendor/laravel/framework/src/Illuminate/Routing/RouteRegistrar.php:92)
[stacktrace]
#0 /Applications/MAMP/htdocs/tng_ecommerce/vendor/laravel/framework/src/Illuminate/Routing/Router.php(1293): Illuminate\\Routing\\RouteRegistrar->attribute('middlware', 'auth:user')
#1 /Applications/MAMP/htdocs/tng_ecommerce/vendor/laravel/framework/src/Illuminate/Support/Facades/Facade.php(261): Illuminate\\Routing\\Router->__call('middlware', Array)
#2 /Applications/MAMP/htdocs/tng_ecommerce/routes/web.php(28): Illuminate\\Support\\Facades\\Facade::__callStatic('middlware', Array)
#3 /Applications/MAMP/htdocs/tng_ecommerce/vendor/laravel/framework/src/Illuminate/Routing/Router.php(414): Illuminate\\Routing\\RouteFileRegistrar->{closure}(Object(Illuminate\\Routing\\Router))
#4 /Applications/MAMP/htdocs/tng_ecommerce/vendor/laravel/framework/src/Illuminate/Routing/Router.php(374): Illuminate\\Routing\\Router->loadRoutes(Object(Closure))
#5 /Applications/MAMP/htdocs/tng_ecommerce/vendor/laravel/framework/src/Illuminate/Routing/RouteRegistrar.php(121): Illuminate\\Routing\\Router->group(Array, Object(Closure))
#6 /Applications/MAMP/htdocs/tng_ecommerce/routes/web.php(31): Illuminate\\Routing\\RouteRegistrar->group(Object(Closure))
#7 /Applications/MAMP/htdocs/tng_ecommerce/vendor/laravel/framework/src/Illuminate/Routing/RouteFileRegistrar.php(35): require('/Applications/M...')
#8 /Applications/MAMP/htdocs/tng_ecommerce/vendor/laravel/framework/src/Illuminate/Routing/Router.php(416): Illuminate\\Routing\\RouteFileRegistrar->register('/Applications/M...')
#9 /Applications/MAMP/htdocs/tng_ecommerce/vendor/laravel/framework/src/Illuminate/Routing/Router.php(374): Illuminate\\Routing\\Router->loadRoutes('/Applications/M...')
#10 /Applications/MAMP/htdocs/tng_ecommerce/vendor/laravel/framework/src/Illuminate/Routing/RouteRegistrar.php(121): Illuminate\\Routing\\Router->group(Array, '/Applications/M...')
#11 /Applications/MAMP/htdocs/tng_ecommerce/app/Providers/RouteServiceProvider.php(56): Illuminate\\Routing\\RouteRegistrar->group('/Applications/M...')
#12 /Applications/MAMP/htdocs/tng_ecommerce/app/Providers/RouteServiceProvider.php(40): App\\Providers\\RouteServiceProvider->mapWebRoutes()
#13 [internal function]: App\\Providers\\RouteServiceProvider->map()
#14 /Applications/MAMP/htdocs/tng_ecommerce/vendor/laravel/framework/src/Illuminate/Container/BoundMethod.php(32): call_user_func_array(Array, Array)
#15 /Applications/MAMP/htdocs/tng_ecommerce/vendor/laravel/framework/src/Illuminate/Container/Util.php(37): Illuminate\\Container\\BoundMethod::Illuminate\\Container\\{closure}()
#16 /Applications/MAMP/htdocs/tng_ecommerce/vendor/laravel/framework/src/Illuminate/Container/BoundMethod.php(90): Illuminate\\Container\\Util::unwrapIfClosure(Object(Closure))
#17 /Applications/MAMP/htdocs/tng_ecommerce/vendor/laravel/framework/src/Illuminate/Container/BoundMethod.php(34): Illuminate\\Container\\BoundMethod::callBoundMethod(Object(Illuminate\\Foundation\\Application), Array, Object(Closure))
#18 /Applications/MAMP/htdocs/tng_ecommerce/vendor/laravel/framework/src/Illuminate/Container/Container.php(590): Illuminate\\Container\\BoundMethod::call(Object(Illuminate\\Foundation\\Application), Array, Array, NULL)
#19 /Applications/MAMP/htdocs/tng_ecommerce/vendor/laravel/framework/src/Illuminate/Foundation/Support/Providers/RouteServiceProvider.php(87): Illuminate\\Container\\Container->call(Array)
#20 /Applications/MAMP/htdocs/tng_ecommerce/vendor/laravel/framework/src/Illuminate/Foundation/Support/Providers/RouteServiceProvider.php(36): Illuminate\\Foundation\\Support\\Providers\\RouteServiceProvider->loadRoutes()
#21 /Applications/MAMP/htdocs/tng_ecommerce/app/Providers/RouteServiceProvider.php(28): Illuminate\\Foundation\\Support\\Providers\\RouteServiceProvider->boot()
#22 [internal function]: App\\Providers\\RouteServiceProvider->boot()
#23 /Applications/MAMP/htdocs/tng_ecommerce/vendor/laravel/framework/src/Illuminate/Container/BoundMethod.php(32): call_user_func_array(Array, Array)
#24 /Applications/MAMP/htdocs/tng_ecommerce/vendor/laravel/framework/src/Illuminate/Container/Util.php(37): Illuminate\\Container\\BoundMethod::Illuminate\\Container\\{closure}()
#25 /Applications/MAMP/htdocs/tng_ecommerce/vendor/laravel/framework/src/Illuminate/Container/BoundMethod.php(90): Illuminate\\Container\\Util::unwrapIfClosure(Object(Closure))
#26 /Applications/MAMP/htdocs/tng_ecommerce/vendor/laravel/framework/src/Illuminate/Container/BoundMethod.php(34): Illuminate\\Container\\BoundMethod::callBoundMethod(Object(Illuminate\\Foundation\\Application), Array, Object(Closure))
#27 /Applications/MAMP/htdocs/tng_ecommerce/vendor/laravel/framework/src/Illuminate/Container/Container.php(590): Illuminate\\Container\\BoundMethod::call(Object(Illuminate\\Foundation\\Application), Array, Array, NULL)
#28 /Applications/MAMP/htdocs/tng_ecommerce/vendor/laravel/framework/src/Illuminate/Foundation/Application.php(856): Illuminate\\Container\\Container->call(Array)
#29 /Applications/MAMP/htdocs/tng_ecommerce/vendor/laravel/framework/src/Illuminate/Foundation/Application.php(839): Illuminate\\Foundation\\Application->bootProvider(Object(App\\Providers\\RouteServiceProvider))
#30 [internal function]: Illuminate\\Foundation\\Application->Illuminate\\Foundation\\{closure}(Object(App\\Providers\\RouteServiceProvider), 21)
#31 /Applications/MAMP/htdocs/tng_ecommerce/vendor/laravel/framework/src/Illuminate/Foundation/Application.php(840): array_walk(Array, Object(Closure))
#32 /Applications/MAMP/htdocs/tng_ecommerce/vendor/laravel/framework/src/Illuminate/Foundation/Bootstrap/BootProviders.php(17): Illuminate\\Foundation\\Application->boot()
#33 /Applications/MAMP/htdocs/tng_ecommerce/vendor/laravel/framework/src/Illuminate/Foundation/Application.php(219): Illuminate\\Foundation\\Bootstrap\\BootProviders->bootstrap(Object(Illuminate\\Foundation\\Application))
#34 /Applications/MAMP/htdocs/tng_ecommerce/vendor/laravel/framework/src/Illuminate/Foundation/Console/Kernel.php(320): Illuminate\\Foundation\\Application->bootstrapWith(Array)
#35 /Applications/MAMP/htdocs/tng_ecommerce/vendor/laravel/framework/src/Illuminate/Foundation/Console/Kernel.php(129): Illuminate\\Foundation\\Console\\Kernel->bootstrap()
#36 /Applications/MAMP/htdocs/tng_ecommerce/artisan(37): Illuminate\\Foundation\\Console\\Kernel->handle(Object(Symfony\\Component\\Console\\Input\\ArgvInput), Object(Symfony\\Component\\Console\\Output\\ConsoleOutput))
#37 {main}
"} 
[2021-06-07 23:55:22] local.ERROR: Cannot declare class App\Http\Controllers\Auth\ConfirmPasswordController, because the name is already in use {"exception":"[object] (Symfony\\Component\\Debug\\Exception\\FatalErrorException(code: 64): Cannot declare class App\\Http\\Controllers\\Auth\\ConfirmPasswordController, because the name is already in use at /Applications/MAMP/htdocs/tng_ecommerce/app/Http/Controllers/Admin/Auth/ConfirmPasswordController.php:9)
[stacktrace]
#0 {main}
"} 
